{"/Users/lei/workspace/gen-ai/ag-ui-solid/examples/backend-express/src/server.ts": {"path":"/Users/lei/workspace/gen-ai/ag-ui-solid/examples/backend-express/src/server.ts","all":true,"statementMap":{"0":{"start":{"line":1,"column":0},"end":{"line":1,"column":30}},"1":{"start":{"line":2,"column":0},"end":{"line":2,"column":24}},"2":{"start":{"line":3,"column":0},"end":{"line":3,"column":28}},"3":{"start":{"line":4,"column":0},"end":{"line":4,"column":32}},"4":{"start":{"line":5,"column":0},"end":{"line":5,"column":0}},"5":{"start":{"line":6,"column":0},"end":{"line":6,"column":16}},"6":{"start":{"line":7,"column":0},"end":{"line":7,"column":0}},"7":{"start":{"line":8,"column":0},"end":{"line":8,"column":22}},"8":{"start":{"line":9,"column":0},"end":{"line":9,"column":38}},"9":{"start":{"line":10,"column":0},"end":{"line":10,"column":0}},"10":{"start":{"line":11,"column":0},"end":{"line":11,"column":13}},"11":{"start":{"line":12,"column":0},"end":{"line":12,"column":16}},"12":{"start":{"line":13,"column":0},"end":{"line":13,"column":24}},"13":{"start":{"line":14,"column":0},"end":{"line":14,"column":0}},"14":{"start":{"line":15,"column":0},"end":{"line":15,"column":27}},"15":{"start":{"line":16,"column":0},"end":{"line":16,"column":27}},"16":{"start":{"line":17,"column":0},"end":{"line":17,"column":36}},"17":{"start":{"line":18,"column":0},"end":{"line":18,"column":3}},"18":{"start":{"line":19,"column":0},"end":{"line":19,"column":0}},"19":{"start":{"line":20,"column":0},"end":{"line":20,"column":24}},"20":{"start":{"line":21,"column":0},"end":{"line":21,"column":34}},"21":{"start":{"line":22,"column":0},"end":{"line":22,"column":66}},"22":{"start":{"line":23,"column":0},"end":{"line":23,"column":3}},"23":{"start":{"line":24,"column":0},"end":{"line":24,"column":0}},"24":{"start":{"line":25,"column":0},"end":{"line":25,"column":31}},"25":{"start":{"line":26,"column":0},"end":{"line":26,"column":43}},"26":{"start":{"line":27,"column":0},"end":{"line":27,"column":7}},"27":{"start":{"line":28,"column":0},"end":{"line":28,"column":34}},"28":{"start":{"line":29,"column":0},"end":{"line":29,"column":0}},"29":{"start":{"line":30,"column":0},"end":{"line":30,"column":48}},"30":{"start":{"line":31,"column":0},"end":{"line":31,"column":75}},"31":{"start":{"line":32,"column":0},"end":{"line":32,"column":5}},"32":{"start":{"line":33,"column":0},"end":{"line":33,"column":0}},"33":{"start":{"line":34,"column":0},"end":{"line":34,"column":41}},"34":{"start":{"line":35,"column":0},"end":{"line":35,"column":63}},"35":{"start":{"line":36,"column":0},"end":{"line":36,"column":50}},"36":{"start":{"line":37,"column":0},"end":{"line":37,"column":47}},"37":{"start":{"line":38,"column":0},"end":{"line":38,"column":46}},"38":{"start":{"line":39,"column":0},"end":{"line":39,"column":0}},"39":{"start":{"line":40,"column":0},"end":{"line":40,"column":34}},"40":{"start":{"line":41,"column":0},"end":{"line":41,"column":57}},"41":{"start":{"line":42,"column":0},"end":{"line":42,"column":65}},"42":{"start":{"line":43,"column":0},"end":{"line":43,"column":45}},"43":{"start":{"line":44,"column":0},"end":{"line":44,"column":23}},"44":{"start":{"line":45,"column":0},"end":{"line":45,"column":28}},"45":{"start":{"line":46,"column":0},"end":{"line":46,"column":10}},"46":{"start":{"line":47,"column":0},"end":{"line":47,"column":19}},"47":{"start":{"line":48,"column":0},"end":{"line":48,"column":23}},"48":{"start":{"line":49,"column":0},"end":{"line":49,"column":22}},"49":{"start":{"line":50,"column":0},"end":{"line":50,"column":7}},"50":{"start":{"line":51,"column":0},"end":{"line":51,"column":0}},"51":{"start":{"line":52,"column":0},"end":{"line":52,"column":26}},"52":{"start":{"line":53,"column":0},"end":{"line":53,"column":39}},"53":{"start":{"line":54,"column":0},"end":{"line":54,"column":61}},"54":{"start":{"line":55,"column":0},"end":{"line":55,"column":20}},"55":{"start":{"line":56,"column":0},"end":{"line":56,"column":27}},"56":{"start":{"line":57,"column":0},"end":{"line":57,"column":7}},"57":{"start":{"line":58,"column":0},"end":{"line":58,"column":5}},"58":{"start":{"line":59,"column":0},"end":{"line":59,"column":0}},"59":{"start":{"line":60,"column":0},"end":{"line":60,"column":14}},"60":{"start":{"line":61,"column":0},"end":{"line":61,"column":24}},"61":{"start":{"line":62,"column":0},"end":{"line":62,"column":40}},"62":{"start":{"line":63,"column":0},"end":{"line":63,"column":0}},"63":{"start":{"line":64,"column":0},"end":{"line":64,"column":31}},"64":{"start":{"line":65,"column":0},"end":{"line":65,"column":86}},"65":{"start":{"line":66,"column":0},"end":{"line":66,"column":38}},"66":{"start":{"line":67,"column":0},"end":{"line":67,"column":57}},"67":{"start":{"line":68,"column":0},"end":{"line":68,"column":12}},"68":{"start":{"line":69,"column":0},"end":{"line":69,"column":63}},"69":{"start":{"line":70,"column":0},"end":{"line":70,"column":5}},"70":{"start":{"line":71,"column":0},"end":{"line":71,"column":3}},"71":{"start":{"line":72,"column":0},"end":{"line":72,"column":3}},"72":{"start":{"line":73,"column":0},"end":{"line":73,"column":0}},"73":{"start":{"line":74,"column":0},"end":{"line":74,"column":38}},"74":{"start":{"line":75,"column":0},"end":{"line":75,"column":49}},"75":{"start":{"line":76,"column":0},"end":{"line":76,"column":7}},"76":{"start":{"line":77,"column":0},"end":{"line":77,"column":34}},"77":{"start":{"line":78,"column":0},"end":{"line":78,"column":0}},"78":{"start":{"line":79,"column":0},"end":{"line":79,"column":48}},"79":{"start":{"line":80,"column":0},"end":{"line":80,"column":75}},"80":{"start":{"line":81,"column":0},"end":{"line":81,"column":5}},"81":{"start":{"line":82,"column":0},"end":{"line":82,"column":0}},"82":{"start":{"line":83,"column":0},"end":{"line":83,"column":61}},"83":{"start":{"line":84,"column":0},"end":{"line":84,"column":21}},"84":{"start":{"line":85,"column":0},"end":{"line":85,"column":45}},"85":{"start":{"line":86,"column":0},"end":{"line":86,"column":23}},"86":{"start":{"line":87,"column":0},"end":{"line":87,"column":28}},"87":{"start":{"line":88,"column":0},"end":{"line":88,"column":10}},"88":{"start":{"line":89,"column":0},"end":{"line":89,"column":14}},"89":{"start":{"line":90,"column":0},"end":{"line":90,"column":9}},"90":{"start":{"line":91,"column":0},"end":{"line":91,"column":27}},"91":{"start":{"line":92,"column":0},"end":{"line":92,"column":21}},"92":{"start":{"line":93,"column":0},"end":{"line":93,"column":32}},"93":{"start":{"line":94,"column":0},"end":{"line":94,"column":66}},"94":{"start":{"line":95,"column":0},"end":{"line":95,"column":25}},"95":{"start":{"line":96,"column":0},"end":{"line":96,"column":29}},"96":{"start":{"line":97,"column":0},"end":{"line":97,"column":27}},"97":{"start":{"line":98,"column":0},"end":{"line":98,"column":27}},"98":{"start":{"line":99,"column":0},"end":{"line":99,"column":33}},"99":{"start":{"line":100,"column":0},"end":{"line":100,"column":75}},"100":{"start":{"line":101,"column":0},"end":{"line":101,"column":18}},"101":{"start":{"line":102,"column":0},"end":{"line":102,"column":23}},"102":{"start":{"line":103,"column":0},"end":{"line":103,"column":33}},"103":{"start":{"line":104,"column":0},"end":{"line":104,"column":50}},"104":{"start":{"line":105,"column":0},"end":{"line":105,"column":53}},"105":{"start":{"line":106,"column":0},"end":{"line":106,"column":17}},"106":{"start":{"line":107,"column":0},"end":{"line":107,"column":16}},"107":{"start":{"line":108,"column":0},"end":{"line":108,"column":36}},"108":{"start":{"line":109,"column":0},"end":{"line":109,"column":13}},"109":{"start":{"line":110,"column":0},"end":{"line":110,"column":11}},"110":{"start":{"line":111,"column":0},"end":{"line":111,"column":10}},"111":{"start":{"line":112,"column":0},"end":{"line":112,"column":9}},"112":{"start":{"line":113,"column":0},"end":{"line":113,"column":27}},"113":{"start":{"line":114,"column":0},"end":{"line":114,"column":21}},"114":{"start":{"line":115,"column":0},"end":{"line":115,"column":31}},"115":{"start":{"line":116,"column":0},"end":{"line":116,"column":58}},"116":{"start":{"line":117,"column":0},"end":{"line":117,"column":25}},"117":{"start":{"line":118,"column":0},"end":{"line":118,"column":29}},"118":{"start":{"line":119,"column":0},"end":{"line":119,"column":27}},"119":{"start":{"line":120,"column":0},"end":{"line":120,"column":24}},"120":{"start":{"line":121,"column":0},"end":{"line":121,"column":33}},"121":{"start":{"line":122,"column":0},"end":{"line":122,"column":49}},"122":{"start":{"line":123,"column":0},"end":{"line":123,"column":17}},"123":{"start":{"line":124,"column":0},"end":{"line":124,"column":16}},"124":{"start":{"line":125,"column":0},"end":{"line":125,"column":33}},"125":{"start":{"line":126,"column":0},"end":{"line":126,"column":13}},"126":{"start":{"line":127,"column":0},"end":{"line":127,"column":11}},"127":{"start":{"line":128,"column":0},"end":{"line":128,"column":9}},"128":{"start":{"line":129,"column":0},"end":{"line":129,"column":7}},"129":{"start":{"line":130,"column":0},"end":{"line":130,"column":7}},"130":{"start":{"line":131,"column":0},"end":{"line":131,"column":0}},"131":{"start":{"line":132,"column":0},"end":{"line":132,"column":50}},"132":{"start":{"line":133,"column":0},"end":{"line":133,"column":0}},"133":{"start":{"line":134,"column":0},"end":{"line":134,"column":28}},"134":{"start":{"line":135,"column":0},"end":{"line":135,"column":29}},"135":{"start":{"line":136,"column":0},"end":{"line":136,"column":44}},"136":{"start":{"line":137,"column":0},"end":{"line":137,"column":52}},"137":{"start":{"line":138,"column":0},"end":{"line":138,"column":63}},"138":{"start":{"line":139,"column":0},"end":{"line":139,"column":26}},"139":{"start":{"line":140,"column":0},"end":{"line":140,"column":0}},"140":{"start":{"line":141,"column":0},"end":{"line":141,"column":33}},"141":{"start":{"line":142,"column":0},"end":{"line":142,"column":57}},"142":{"start":{"line":143,"column":0},"end":{"line":143,"column":73}},"143":{"start":{"line":144,"column":0},"end":{"line":144,"column":63}},"144":{"start":{"line":145,"column":0},"end":{"line":145,"column":60}},"145":{"start":{"line":146,"column":0},"end":{"line":146,"column":11}},"146":{"start":{"line":147,"column":0},"end":{"line":147,"column":0}},"147":{"start":{"line":148,"column":0},"end":{"line":148,"column":18}},"148":{"start":{"line":149,"column":0},"end":{"line":149,"column":28}},"149":{"start":{"line":150,"column":0},"end":{"line":150,"column":45}},"150":{"start":{"line":151,"column":0},"end":{"line":151,"column":24}},"151":{"start":{"line":152,"column":0},"end":{"line":152,"column":27}},"152":{"start":{"line":153,"column":0},"end":{"line":153,"column":30}},"153":{"start":{"line":154,"column":0},"end":{"line":154,"column":47}},"154":{"start":{"line":155,"column":0},"end":{"line":155,"column":12}},"155":{"start":{"line":156,"column":0},"end":{"line":156,"column":10}},"156":{"start":{"line":157,"column":0},"end":{"line":157,"column":8}},"157":{"start":{"line":158,"column":0},"end":{"line":158,"column":0}},"158":{"start":{"line":159,"column":0},"end":{"line":159,"column":16}},"159":{"start":{"line":160,"column":0},"end":{"line":160,"column":65}},"160":{"start":{"line":161,"column":0},"end":{"line":161,"column":19}},"161":{"start":{"line":162,"column":0},"end":{"line":162,"column":9}},"162":{"start":{"line":163,"column":0},"end":{"line":163,"column":12}},"163":{"start":{"line":164,"column":0},"end":{"line":164,"column":16}},"164":{"start":{"line":165,"column":0},"end":{"line":165,"column":33}},"165":{"start":{"line":166,"column":0},"end":{"line":166,"column":23}},"166":{"start":{"line":167,"column":0},"end":{"line":167,"column":9}},"167":{"start":{"line":168,"column":0},"end":{"line":168,"column":5}},"168":{"start":{"line":169,"column":0},"end":{"line":169,"column":24}},"169":{"start":{"line":170,"column":0},"end":{"line":170,"column":40}},"170":{"start":{"line":171,"column":0},"end":{"line":171,"column":61}},"171":{"start":{"line":172,"column":0},"end":{"line":172,"column":3}},"172":{"start":{"line":173,"column":0},"end":{"line":173,"column":3}},"173":{"start":{"line":174,"column":0},"end":{"line":174,"column":0}},"174":{"start":{"line":175,"column":0},"end":{"line":175,"column":46}},"175":{"start":{"line":176,"column":0},"end":{"line":176,"column":48}},"176":{"start":{"line":177,"column":0},"end":{"line":177,"column":7}},"177":{"start":{"line":178,"column":0},"end":{"line":178,"column":34}},"178":{"start":{"line":179,"column":0},"end":{"line":179,"column":54}},"179":{"start":{"line":180,"column":0},"end":{"line":180,"column":0}},"180":{"start":{"line":181,"column":0},"end":{"line":181,"column":28}},"181":{"start":{"line":182,"column":0},"end":{"line":182,"column":63}},"182":{"start":{"line":183,"column":0},"end":{"line":183,"column":50}},"183":{"start":{"line":184,"column":0},"end":{"line":184,"column":0}},"184":{"start":{"line":185,"column":0},"end":{"line":185,"column":34}},"185":{"start":{"line":186,"column":0},"end":{"line":186,"column":96}},"186":{"start":{"line":187,"column":0},"end":{"line":187,"column":38}},"187":{"start":{"line":188,"column":0},"end":{"line":188,"column":0}},"188":{"start":{"line":189,"column":0},"end":{"line":189,"column":31}},"189":{"start":{"line":190,"column":0},"end":{"line":190,"column":28}},"190":{"start":{"line":191,"column":0},"end":{"line":191,"column":23}},"191":{"start":{"line":192,"column":0},"end":{"line":192,"column":60}},"192":{"start":{"line":193,"column":0},"end":{"line":193,"column":5}},"193":{"start":{"line":194,"column":0},"end":{"line":194,"column":0}},"194":{"start":{"line":195,"column":0},"end":{"line":195,"column":14}},"195":{"start":{"line":196,"column":0},"end":{"line":196,"column":19}},"196":{"start":{"line":197,"column":0},"end":{"line":197,"column":45}},"197":{"start":{"line":198,"column":0},"end":{"line":198,"column":61}},"198":{"start":{"line":199,"column":0},"end":{"line":199,"column":3}},"199":{"start":{"line":200,"column":0},"end":{"line":200,"column":3}},"200":{"start":{"line":201,"column":0},"end":{"line":201,"column":0}},"201":{"start":{"line":202,"column":0},"end":{"line":202,"column":15}},"202":{"start":{"line":203,"column":0},"end":{"line":203,"column":24}},"203":{"start":{"line":204,"column":0},"end":{"line":204,"column":63}},"204":{"start":{"line":205,"column":0},"end":{"line":205,"column":35}},"205":{"start":{"line":206,"column":0},"end":{"line":206,"column":52}},"206":{"start":{"line":207,"column":0},"end":{"line":207,"column":70}},"207":{"start":{"line":208,"column":0},"end":{"line":208,"column":68}},"208":{"start":{"line":209,"column":0},"end":{"line":209,"column":48}},"209":{"start":{"line":210,"column":0},"end":{"line":210,"column":3}}},"s":{"0":0,"1":0,"2":0,"3":0,"4":0,"5":0,"6":0,"7":0,"8":0,"9":0,"10":0,"11":0,"12":0,"13":0,"14":0,"15":0,"16":0,"17":0,"18":0,"19":0,"20":0,"21":0,"22":0,"23":0,"24":0,"25":0,"26":0,"27":0,"28":0,"29":0,"30":0,"31":0,"32":0,"33":0,"34":0,"35":0,"36":0,"37":0,"38":0,"39":0,"40":0,"41":0,"42":0,"43":0,"44":0,"45":0,"46":0,"47":0,"48":0,"49":0,"50":0,"51":0,"52":0,"53":0,"54":0,"55":0,"56":0,"57":0,"58":0,"59":0,"60":0,"61":0,"62":0,"63":0,"64":0,"65":0,"66":0,"67":0,"68":0,"69":0,"70":0,"71":0,"72":0,"73":0,"74":0,"75":0,"76":0,"77":0,"78":0,"79":0,"80":0,"81":0,"82":0,"83":0,"84":0,"85":0,"86":0,"87":0,"88":0,"89":0,"90":0,"91":0,"92":0,"93":0,"94":0,"95":0,"96":0,"97":0,"98":0,"99":0,"100":0,"101":0,"102":0,"103":0,"104":0,"105":0,"106":0,"107":0,"108":0,"109":0,"110":0,"111":0,"112":0,"113":0,"114":0,"115":0,"116":0,"117":0,"118":0,"119":0,"120":0,"121":0,"122":0,"123":0,"124":0,"125":0,"126":0,"127":0,"128":0,"129":0,"130":0,"131":0,"132":0,"133":0,"134":0,"135":0,"136":0,"137":0,"138":0,"139":0,"140":0,"141":0,"142":0,"143":0,"144":0,"145":0,"146":0,"147":0,"148":0,"149":0,"150":0,"151":0,"152":0,"153":0,"154":0,"155":0,"156":0,"157":0,"158":0,"159":0,"160":0,"161":0,"162":0,"163":0,"164":0,"165":0,"166":0,"167":0,"168":0,"169":0,"170":0,"171":0,"172":0,"173":0,"174":0,"175":0,"176":0,"177":0,"178":0,"179":0,"180":0,"181":0,"182":0,"183":0,"184":0,"185":0,"186":0,"187":0,"188":0,"189":0,"190":0,"191":0,"192":0,"193":0,"194":0,"195":0,"196":0,"197":0,"198":0,"199":0,"200":0,"201":0,"202":0,"203":0,"204":0,"205":0,"206":0,"207":0,"208":0,"209":0},"branchMap":{"0":{"type":"branch","line":1,"loc":{"start":{"line":1,"column":5955},"end":{"line":210,"column":3}},"locations":[{"start":{"line":1,"column":5955},"end":{"line":210,"column":3}}]}},"b":{"0":[0]},"fnMap":{"0":{"name":"(empty-report)","decl":{"start":{"line":1,"column":5955},"end":{"line":210,"column":3}},"loc":{"start":{"line":1,"column":5955},"end":{"line":210,"column":3}},"line":1}},"f":{"0":0}}
,"/Users/lei/workspace/gen-ai/ag-ui-solid/examples/vite-solidjs/tailwind.config.js": {"path":"/Users/lei/workspace/gen-ai/ag-ui-solid/examples/vite-solidjs/tailwind.config.js","all":true,"statementMap":{"0":{"start":{"line":1,"column":0},"end":{"line":1,"column":43}},"1":{"start":{"line":2,"column":0},"end":{"line":2,"column":16}},"2":{"start":{"line":3,"column":0},"end":{"line":3,"column":12}},"3":{"start":{"line":4,"column":0},"end":{"line":4,"column":19}},"4":{"start":{"line":5,"column":0},"end":{"line":5,"column":33}},"5":{"start":{"line":6,"column":0},"end":{"line":6,"column":4}},"6":{"start":{"line":7,"column":0},"end":{"line":7,"column":10}},"7":{"start":{"line":8,"column":0},"end":{"line":8,"column":15}},"8":{"start":{"line":9,"column":0},"end":{"line":9,"column":4}},"9":{"start":{"line":10,"column":0},"end":{"line":10,"column":14}},"10":{"start":{"line":11,"column":0},"end":{"line":11,"column":1}}},"s":{"0":0,"1":0,"2":0,"3":0,"4":0,"5":0,"6":0,"7":0,"8":0,"9":0,"10":0},"branchMap":{"0":{"type":"branch","line":1,"loc":{"start":{"line":1,"column":0},"end":{"line":11,"column":-13}},"locations":[{"start":{"line":1,"column":0},"end":{"line":11,"column":-13}}]}},"b":{"0":[0]},"fnMap":{"0":{"name":"(empty-report)","decl":{"start":{"line":1,"column":0},"end":{"line":11,"column":-13}},"loc":{"start":{"line":1,"column":0},"end":{"line":11,"column":-13}},"line":1}},"f":{"0":0}}
,"/Users/lei/workspace/gen-ai/ag-ui-solid/examples/vite-solidjs/src/App.tsx": {"path":"/Users/lei/workspace/gen-ai/ag-ui-solid/examples/vite-solidjs/src/App.tsx","all":true,"statementMap":{"0":{"start":{"line":1,"column":0},"end":{"line":1,"column":51}},"1":{"start":{"line":2,"column":0},"end":{"line":2,"column":59}},"2":{"start":{"line":3,"column":0},"end":{"line":3,"column":0}},"3":{"start":{"line":4,"column":0},"end":{"line":4,"column":30}},"4":{"start":{"line":5,"column":0},"end":{"line":5,"column":47}},"5":{"start":{"line":6,"column":0},"end":{"line":6,"column":62}},"6":{"start":{"line":7,"column":0},"end":{"line":7,"column":0}},"7":{"start":{"line":8,"column":0},"end":{"line":8,"column":42}},"8":{"start":{"line":9,"column":0},"end":{"line":9,"column":52}},"9":{"start":{"line":10,"column":0},"end":{"line":10,"column":58}},"10":{"start":{"line":11,"column":0},"end":{"line":11,"column":29}},"11":{"start":{"line":12,"column":0},"end":{"line":12,"column":14}},"12":{"start":{"line":13,"column":0},"end":{"line":13,"column":43}},"13":{"start":{"line":14,"column":0},"end":{"line":14,"column":6}},"14":{"start":{"line":15,"column":0},"end":{"line":15,"column":29}},"15":{"start":{"line":16,"column":0},"end":{"line":16,"column":48}},"16":{"start":{"line":17,"column":0},"end":{"line":17,"column":6}},"17":{"start":{"line":18,"column":0},"end":{"line":18,"column":25}},"18":{"start":{"line":19,"column":0},"end":{"line":19,"column":42}},"19":{"start":{"line":20,"column":0},"end":{"line":20,"column":5}},"20":{"start":{"line":21,"column":0},"end":{"line":21,"column":5}},"21":{"start":{"line":22,"column":0},"end":{"line":22,"column":0}},"22":{"start":{"line":23,"column":0},"end":{"line":23,"column":24}},"23":{"start":{"line":24,"column":0},"end":{"line":24,"column":12}},"24":{"start":{"line":25,"column":0},"end":{"line":25,"column":72}},"25":{"start":{"line":26,"column":0},"end":{"line":26,"column":71}},"26":{"start":{"line":27,"column":0},"end":{"line":27,"column":73}},"27":{"start":{"line":28,"column":0},"end":{"line":28,"column":40}},"28":{"start":{"line":29,"column":0},"end":{"line":29,"column":55}},"29":{"start":{"line":30,"column":0},"end":{"line":30,"column":14}},"30":{"start":{"line":31,"column":0},"end":{"line":31,"column":0}},"31":{"start":{"line":32,"column":0},"end":{"line":32,"column":28}},"32":{"start":{"line":33,"column":0},"end":{"line":33,"column":58}},"33":{"start":{"line":34,"column":0},"end":{"line":34,"column":41}},"34":{"start":{"line":35,"column":0},"end":{"line":35,"column":20}},"35":{"start":{"line":36,"column":0},"end":{"line":36,"column":18}},"36":{"start":{"line":37,"column":0},"end":{"line":37,"column":29}},"37":{"start":{"line":38,"column":0},"end":{"line":38,"column":30}},"38":{"start":{"line":39,"column":0},"end":{"line":39,"column":63}},"39":{"start":{"line":40,"column":0},"end":{"line":40,"column":89}},"40":{"start":{"line":41,"column":0},"end":{"line":41,"column":34}},"41":{"start":{"line":42,"column":0},"end":{"line":42,"column":14}},"42":{"start":{"line":43,"column":0},"end":{"line":43,"column":16}},"43":{"start":{"line":44,"column":0},"end":{"line":44,"column":0}},"44":{"start":{"line":45,"column":0},"end":{"line":45,"column":17}},"45":{"start":{"line":46,"column":0},"end":{"line":46,"column":49}},"46":{"start":{"line":47,"column":0},"end":{"line":47,"column":83}},"47":{"start":{"line":48,"column":0},"end":{"line":48,"column":11}},"48":{"start":{"line":49,"column":0},"end":{"line":49,"column":26}},"49":{"start":{"line":50,"column":0},"end":{"line":50,"column":19}},"50":{"start":{"line":51,"column":0},"end":{"line":51,"column":0}},"51":{"start":{"line":52,"column":0},"end":{"line":52,"column":48}},"52":{"start":{"line":53,"column":0},"end":{"line":53,"column":77}},"53":{"start":{"line":54,"column":0},"end":{"line":54,"column":57}},"54":{"start":{"line":55,"column":0},"end":{"line":55,"column":14}},"55":{"start":{"line":56,"column":0},"end":{"line":56,"column":14}},"56":{"start":{"line":57,"column":0},"end":{"line":57,"column":12}},"57":{"start":{"line":58,"column":0},"end":{"line":58,"column":6}},"58":{"start":{"line":59,"column":0},"end":{"line":59,"column":3}},"59":{"start":{"line":60,"column":0},"end":{"line":60,"column":0}},"60":{"start":{"line":61,"column":0},"end":{"line":61,"column":10}},"61":{"start":{"line":62,"column":0},"end":{"line":62,"column":51}},"62":{"start":{"line":63,"column":0},"end":{"line":63,"column":84}},"63":{"start":{"line":64,"column":0},"end":{"line":64,"column":13}},"64":{"start":{"line":65,"column":0},"end":{"line":65,"column":61}},"65":{"start":{"line":66,"column":0},"end":{"line":66,"column":65}},"66":{"start":{"line":67,"column":0},"end":{"line":67,"column":14}},"67":{"start":{"line":68,"column":0},"end":{"line":68,"column":32}},"68":{"start":{"line":69,"column":0},"end":{"line":69,"column":17}},"69":{"start":{"line":70,"column":0},"end":{"line":70,"column":43}},"70":{"start":{"line":71,"column":0},"end":{"line":71,"column":75}},"71":{"start":{"line":72,"column":0},"end":{"line":72,"column":11}},"72":{"start":{"line":73,"column":0},"end":{"line":73,"column":22}},"73":{"start":{"line":74,"column":0},"end":{"line":74,"column":19}},"74":{"start":{"line":75,"column":0},"end":{"line":75,"column":17}},"75":{"start":{"line":76,"column":0},"end":{"line":76,"column":50}},"76":{"start":{"line":77,"column":0},"end":{"line":77,"column":86}},"77":{"start":{"line":78,"column":0},"end":{"line":78,"column":11}},"78":{"start":{"line":79,"column":0},"end":{"line":79,"column":20}},"79":{"start":{"line":80,"column":0},"end":{"line":80,"column":19}},"80":{"start":{"line":81,"column":0},"end":{"line":81,"column":14}},"81":{"start":{"line":82,"column":0},"end":{"line":82,"column":15}},"82":{"start":{"line":83,"column":0},"end":{"line":83,"column":0}},"83":{"start":{"line":84,"column":0},"end":{"line":84,"column":51}},"84":{"start":{"line":85,"column":0},"end":{"line":85,"column":22}},"85":{"start":{"line":86,"column":0},"end":{"line":86,"column":35}},"86":{"start":{"line":87,"column":0},"end":{"line":87,"column":45}},"87":{"start":{"line":88,"column":0},"end":{"line":88,"column":41}},"88":{"start":{"line":89,"column":0},"end":{"line":89,"column":29}},"89":{"start":{"line":90,"column":0},"end":{"line":90,"column":44}},"90":{"start":{"line":91,"column":0},"end":{"line":91,"column":10}},"91":{"start":{"line":92,"column":0},"end":{"line":92,"column":12}},"92":{"start":{"line":93,"column":0},"end":{"line":93,"column":0}},"93":{"start":{"line":94,"column":0},"end":{"line":94,"column":84}},"94":{"start":{"line":95,"column":0},"end":{"line":95,"column":65}},"95":{"start":{"line":96,"column":0},"end":{"line":96,"column":15}},"96":{"start":{"line":97,"column":0},"end":{"line":97,"column":10}},"97":{"start":{"line":98,"column":0},"end":{"line":98,"column":4}},"98":{"start":{"line":99,"column":0},"end":{"line":99,"column":2}},"99":{"start":{"line":100,"column":0},"end":{"line":100,"column":0}},"100":{"start":{"line":101,"column":0},"end":{"line":101,"column":19}}},"s":{"0":0,"1":0,"2":0,"3":0,"4":0,"5":0,"6":0,"7":0,"8":0,"9":0,"10":0,"11":0,"12":0,"13":0,"14":0,"15":0,"16":0,"17":0,"18":0,"19":0,"20":0,"21":0,"22":0,"23":0,"24":0,"25":0,"26":0,"27":0,"28":0,"29":0,"30":0,"31":0,"32":0,"33":0,"34":0,"35":0,"36":0,"37":0,"38":0,"39":0,"40":0,"41":0,"42":0,"43":0,"44":0,"45":0,"46":0,"47":0,"48":0,"49":0,"50":0,"51":0,"52":0,"53":0,"54":0,"55":0,"56":0,"57":0,"58":0,"59":0,"60":0,"61":0,"62":0,"63":0,"64":0,"65":0,"66":0,"67":0,"68":0,"69":0,"70":0,"71":0,"72":0,"73":0,"74":0,"75":0,"76":0,"77":0,"78":0,"79":0,"80":0,"81":0,"82":0,"83":0,"84":0,"85":0,"86":0,"87":0,"88":0,"89":0,"90":0,"91":0,"92":0,"93":0,"94":0,"95":0,"96":0,"97":0,"98":0,"99":0,"100":0},"branchMap":{"0":{"type":"branch","line":1,"loc":{"start":{"line":1,"column":0},"end":{"line":101,"column":-2496}},"locations":[{"start":{"line":1,"column":0},"end":{"line":101,"column":-2496}}]}},"b":{"0":[0]},"fnMap":{"0":{"name":"(empty-report)","decl":{"start":{"line":1,"column":0},"end":{"line":101,"column":-2496}},"loc":{"start":{"line":1,"column":0},"end":{"line":101,"column":-2496}},"line":1}},"f":{"0":0}}
,"/Users/lei/workspace/gen-ai/ag-ui-solid/examples/vite-solidjs/src/main.tsx": {"path":"/Users/lei/workspace/gen-ai/ag-ui-solid/examples/vite-solidjs/src/main.tsx","all":true,"statementMap":{"0":{"start":{"line":1,"column":0},"end":{"line":1,"column":21}},"1":{"start":{"line":2,"column":0},"end":{"line":2,"column":38}},"2":{"start":{"line":3,"column":0},"end":{"line":3,"column":21}},"3":{"start":{"line":4,"column":0},"end":{"line":4,"column":24}},"4":{"start":{"line":5,"column":0},"end":{"line":5,"column":0}},"5":{"start":{"line":6,"column":0},"end":{"line":6,"column":45}},"6":{"start":{"line":7,"column":0},"end":{"line":7,"column":0}},"7":{"start":{"line":8,"column":0},"end":{"line":8,"column":12}},"8":{"start":{"line":9,"column":0},"end":{"line":9,"column":44}},"9":{"start":{"line":10,"column":0},"end":{"line":10,"column":1}},"10":{"start":{"line":11,"column":0},"end":{"line":11,"column":0}},"11":{"start":{"line":12,"column":0},"end":{"line":12,"column":28}}},"s":{"0":0,"1":0,"2":0,"3":0,"4":0,"5":0,"6":0,"7":0,"8":0,"9":0,"10":0,"11":0},"branchMap":{"0":{"type":"branch","line":1,"loc":{"start":{"line":1,"column":245},"end":{"line":12,"column":28}},"locations":[{"start":{"line":1,"column":245},"end":{"line":12,"column":28}}]}},"b":{"0":[0]},"fnMap":{"0":{"name":"(empty-report)","decl":{"start":{"line":1,"column":245},"end":{"line":12,"column":28}},"loc":{"start":{"line":1,"column":245},"end":{"line":12,"column":28}},"line":1}},"f":{"0":0}}
,"/Users/lei/workspace/gen-ai/ag-ui-solid/src/index.tsx": {"path":"/Users/lei/workspace/gen-ai/ag-ui-solid/src/index.tsx","all":true,"statementMap":{"0":{"start":{"line":1,"column":0},"end":{"line":1,"column":13}},"1":{"start":{"line":2,"column":0},"end":{"line":2,"column":59}},"2":{"start":{"line":3,"column":0},"end":{"line":3,"column":69}},"3":{"start":{"line":4,"column":0},"end":{"line":4,"column":0}},"4":{"start":{"line":5,"column":0},"end":{"line":5,"column":47}},"5":{"start":{"line":6,"column":0},"end":{"line":6,"column":57}},"6":{"start":{"line":7,"column":0},"end":{"line":7,"column":0}},"7":{"start":{"line":8,"column":0},"end":{"line":8,"column":49}},"8":{"start":{"line":9,"column":0},"end":{"line":9,"column":59}},"9":{"start":{"line":10,"column":0},"end":{"line":10,"column":0}},"10":{"start":{"line":11,"column":0},"end":{"line":11,"column":53}},"11":{"start":{"line":12,"column":0},"end":{"line":12,"column":63}},"12":{"start":{"line":13,"column":0},"end":{"line":13,"column":0}},"13":{"start":{"line":14,"column":0},"end":{"line":14,"column":8}},"14":{"start":{"line":15,"column":0},"end":{"line":15,"column":54}},"15":{"start":{"line":16,"column":0},"end":{"line":16,"column":66}},"16":{"start":{"line":17,"column":0},"end":{"line":17,"column":0}},"17":{"start":{"line":18,"column":0},"end":{"line":18,"column":8}},"18":{"start":{"line":19,"column":0},"end":{"line":19,"column":13}},"19":{"start":{"line":20,"column":0},"end":{"line":20,"column":25}},"20":{"start":{"line":21,"column":0},"end":{"line":21,"column":31}},"21":{"start":{"line":22,"column":0},"end":{"line":22,"column":18}},"22":{"start":{"line":23,"column":0},"end":{"line":23,"column":19}},"23":{"start":{"line":24,"column":0},"end":{"line":24,"column":17}},"24":{"start":{"line":25,"column":0},"end":{"line":25,"column":0}},"25":{"start":{"line":26,"column":0},"end":{"line":26,"column":7}},"26":{"start":{"line":27,"column":0},"end":{"line":27,"column":47}},"27":{"start":{"line":28,"column":0},"end":{"line":28,"column":82}},"28":{"start":{"line":29,"column":0},"end":{"line":29,"column":46}},"29":{"start":{"line":30,"column":0},"end":{"line":30,"column":0}},"30":{"start":{"line":31,"column":0},"end":{"line":31,"column":9}},"31":{"start":{"line":32,"column":0},"end":{"line":32,"column":22}}},"s":{"0":0,"1":0,"2":0,"3":0,"4":0,"5":0,"6":0,"7":0,"8":0,"9":0,"10":0,"11":0,"12":0,"13":0,"14":0,"15":0,"16":0,"17":0,"18":0,"19":0,"20":0,"21":0,"22":0,"23":0,"24":0,"25":0,"26":0,"27":0,"28":0,"29":0,"30":0,"31":0},"branchMap":{"0":{"type":"branch","line":1,"loc":{"start":{"line":1,"column":972},"end":{"line":32,"column":22}},"locations":[{"start":{"line":1,"column":972},"end":{"line":32,"column":22}}]}},"b":{"0":[0]},"fnMap":{"0":{"name":"(empty-report)","decl":{"start":{"line":1,"column":972},"end":{"line":32,"column":22}},"loc":{"start":{"line":1,"column":972},"end":{"line":32,"column":22}},"line":1}},"f":{"0":0}}
,"/Users/lei/workspace/gen-ai/ag-ui-solid/src/components/ChatContainer.tsx": {"path":"/Users/lei/workspace/gen-ai/ag-ui-solid/src/components/ChatContainer.tsx","all":false,"statementMap":{"0":{"start":{"line":1,"column":0},"end":{"line":1,"column":83}},"1":{"start":{"line":2,"column":0},"end":{"line":2,"column":55}},"2":{"start":{"line":3,"column":0},"end":{"line":3,"column":36}},"3":{"start":{"line":4,"column":0},"end":{"line":4,"column":38}},"4":{"start":{"line":5,"column":0},"end":{"line":5,"column":34}},"5":{"start":{"line":6,"column":0},"end":{"line":6,"column":0}},"6":{"start":{"line":7,"column":0},"end":{"line":7,"column":37}},"7":{"start":{"line":8,"column":0},"end":{"line":8,"column":26}},"8":{"start":{"line":9,"column":0},"end":{"line":9,"column":43}},"9":{"start":{"line":10,"column":0},"end":{"line":10,"column":24}},"10":{"start":{"line":11,"column":0},"end":{"line":11,"column":24}},"11":{"start":{"line":12,"column":0},"end":{"line":12,"column":23}},"12":{"start":{"line":13,"column":0},"end":{"line":13,"column":17}},"13":{"start":{"line":14,"column":0},"end":{"line":14,"column":25}},"14":{"start":{"line":15,"column":0},"end":{"line":15,"column":23}},"15":{"start":{"line":16,"column":0},"end":{"line":16,"column":1}},"16":{"start":{"line":17,"column":0},"end":{"line":17,"column":0}},"17":{"start":{"line":18,"column":0},"end":{"line":18,"column":72}},"18":{"start":{"line":19,"column":0},"end":{"line":19,"column":26}},"19":{"start":{"line":20,"column":0},"end":{"line":20,"column":49}},"20":{"start":{"line":21,"column":0},"end":{"line":21,"column":47}},"21":{"start":{"line":22,"column":0},"end":{"line":22,"column":0}},"22":{"start":{"line":23,"column":0},"end":{"line":23,"column":47}},"23":{"start":{"line":24,"column":0},"end":{"line":24,"column":41}},"24":{"start":{"line":25,"column":0},"end":{"line":25,"column":94}},"25":{"start":{"line":26,"column":0},"end":{"line":26,"column":32}},"26":{"start":{"line":27,"column":0},"end":{"line":27,"column":5}},"27":{"start":{"line":28,"column":0},"end":{"line":28,"column":0}},"28":{"start":{"line":29,"column":0},"end":{"line":29,"column":32}},"29":{"start":{"line":30,"column":0},"end":{"line":30,"column":55}},"30":{"start":{"line":31,"column":0},"end":{"line":31,"column":60}},"31":{"start":{"line":32,"column":0},"end":{"line":32,"column":5}},"32":{"start":{"line":33,"column":0},"end":{"line":33,"column":4}},"33":{"start":{"line":34,"column":0},"end":{"line":34,"column":0}},"34":{"start":{"line":35,"column":0},"end":{"line":35,"column":17}},"35":{"start":{"line":36,"column":0},"end":{"line":36,"column":21}},"36":{"start":{"line":37,"column":0},"end":{"line":37,"column":5}},"37":{"start":{"line":38,"column":0},"end":{"line":38,"column":0}},"38":{"start":{"line":39,"column":0},"end":{"line":39,"column":22}},"39":{"start":{"line":40,"column":0},"end":{"line":40,"column":42}},"40":{"start":{"line":41,"column":0},"end":{"line":41,"column":26}},"41":{"start":{"line":42,"column":0},"end":{"line":42,"column":21}},"42":{"start":{"line":43,"column":0},"end":{"line":43,"column":5}},"43":{"start":{"line":44,"column":0},"end":{"line":44,"column":0}},"44":{"start":{"line":45,"column":0},"end":{"line":45,"column":10}},"45":{"start":{"line":46,"column":0},"end":{"line":46,"column":69}},"46":{"start":{"line":47,"column":0},"end":{"line":47,"column":27}},"47":{"start":{"line":48,"column":0},"end":{"line":48,"column":10}},"48":{"start":{"line":49,"column":0},"end":{"line":49,"column":26}},"49":{"start":{"line":50,"column":0},"end":{"line":50,"column":77}},"50":{"start":{"line":51,"column":0},"end":{"line":51,"column":7}},"51":{"start":{"line":52,"column":0},"end":{"line":52,"column":55}},"52":{"start":{"line":53,"column":0},"end":{"line":53,"column":35}},"53":{"start":{"line":54,"column":0},"end":{"line":54,"column":25}},"54":{"start":{"line":55,"column":0},"end":{"line":55,"column":74}},"55":{"start":{"line":56,"column":0},"end":{"line":56,"column":49}},"56":{"start":{"line":57,"column":0},"end":{"line":57,"column":12}},"57":{"start":{"line":58,"column":0},"end":{"line":58,"column":14}},"58":{"start":{"line":59,"column":0},"end":{"line":59,"column":49}},"59":{"start":{"line":60,"column":0},"end":{"line":60,"column":77}},"60":{"start":{"line":61,"column":0},"end":{"line":61,"column":37}},"61":{"start":{"line":62,"column":0},"end":{"line":62,"column":49}},"62":{"start":{"line":63,"column":0},"end":{"line":63,"column":105}},"63":{"start":{"line":64,"column":0},"end":{"line":64,"column":18}},"64":{"start":{"line":65,"column":0},"end":{"line":65,"column":16}},"65":{"start":{"line":66,"column":0},"end":{"line":66,"column":15}},"66":{"start":{"line":67,"column":0},"end":{"line":67,"column":36}},"67":{"start":{"line":68,"column":0},"end":{"line":68,"column":0}},"68":{"start":{"line":69,"column":0},"end":{"line":69,"column":39}},"69":{"start":{"line":70,"column":0},"end":{"line":70,"column":69}},"70":{"start":{"line":71,"column":0},"end":{"line":71,"column":36}},"71":{"start":{"line":72,"column":0},"end":{"line":72,"column":88}},"72":{"start":{"line":73,"column":0},"end":{"line":73,"column":90}},"73":{"start":{"line":74,"column":0},"end":{"line":74,"column":90}},"74":{"start":{"line":75,"column":0},"end":{"line":75,"column":18}},"75":{"start":{"line":76,"column":0},"end":{"line":76,"column":43}},"76":{"start":{"line":77,"column":0},"end":{"line":77,"column":16}},"77":{"start":{"line":78,"column":0},"end":{"line":78,"column":15}},"78":{"start":{"line":79,"column":0},"end":{"line":79,"column":12}},"79":{"start":{"line":80,"column":0},"end":{"line":80,"column":0}},"80":{"start":{"line":81,"column":0},"end":{"line":81,"column":27}},"81":{"start":{"line":82,"column":0},"end":{"line":82,"column":31}},"82":{"start":{"line":83,"column":0},"end":{"line":83,"column":86}},"83":{"start":{"line":84,"column":0},"end":{"line":84,"column":47}},"84":{"start":{"line":85,"column":0},"end":{"line":85,"column":73}},"85":{"start":{"line":86,"column":0},"end":{"line":86,"column":38}},"86":{"start":{"line":87,"column":0},"end":{"line":87,"column":16}},"87":{"start":{"line":88,"column":0},"end":{"line":88,"column":14}},"88":{"start":{"line":89,"column":0},"end":{"line":89,"column":13}},"89":{"start":{"line":90,"column":0},"end":{"line":90,"column":0}},"90":{"start":{"line":91,"column":0},"end":{"line":91,"column":27}},"91":{"start":{"line":92,"column":0},"end":{"line":92,"column":48}},"92":{"start":{"line":93,"column":0},"end":{"line":93,"column":59}},"93":{"start":{"line":94,"column":0},"end":{"line":94,"column":19}},"94":{"start":{"line":95,"column":0},"end":{"line":95,"column":40}},"95":{"start":{"line":96,"column":0},"end":{"line":96,"column":42}},"96":{"start":{"line":97,"column":0},"end":{"line":97,"column":43}},"97":{"start":{"line":98,"column":0},"end":{"line":98,"column":12}},"98":{"start":{"line":99,"column":0},"end":{"line":99,"column":14}},"99":{"start":{"line":100,"column":0},"end":{"line":100,"column":13}},"100":{"start":{"line":101,"column":0},"end":{"line":101,"column":10}},"101":{"start":{"line":102,"column":0},"end":{"line":102,"column":4}},"102":{"start":{"line":103,"column":0},"end":{"line":103,"column":2}}},"s":{"0":1,"1":1,"2":1,"3":1,"4":1,"5":1,"6":1,"7":1,"8":1,"9":1,"10":1,"11":1,"12":1,"13":1,"14":1,"15":1,"16":1,"17":1,"18":17,"19":17,"20":17,"21":17,"22":17,"23":17,"24":17,"25":17,"26":17,"27":17,"28":17,"29":34,"30":34,"31":34,"32":34,"33":17,"34":17,"35":17,"36":17,"37":17,"38":17,"39":17,"40":17,"41":17,"42":17,"43":17,"44":17,"45":17,"46":17,"47":17,"48":17,"49":17,"50":17,"51":17,"52":17,"53":17,"54":56,"55":56,"56":17,"57":17,"58":17,"59":13,"60":13,"61":13,"62":13,"63":17,"64":17,"65":17,"66":17,"67":17,"68":17,"69":5,"70":5,"71":5,"72":5,"73":5,"74":5,"75":5,"76":17,"77":17,"78":17,"79":17,"80":17,"81":17,"82":3,"83":3,"84":3,"85":3,"86":17,"87":17,"88":17,"89":17,"90":17,"91":17,"92":16,"93":16,"94":1,"95":77,"96":48,"97":17,"98":17,"99":17,"100":17,"101":17,"102":1},"branchMap":{"0":{"type":"branch","line":18,"loc":{"start":{"line":18,"column":61},"end":{"line":103,"column":1}},"locations":[{"start":{"line":18,"column":61},"end":{"line":103,"column":1}}]},"1":{"type":"branch","line":24,"loc":{"start":{"line":24,"column":34},"end":{"line":27,"column":3}},"locations":[{"start":{"line":24,"column":34},"end":{"line":27,"column":3}}]},"2":{"type":"branch","line":26,"loc":{"start":{"line":26,"column":17},"end":{"line":26,"column":32}},"locations":[{"start":{"line":26,"column":17},"end":{"line":26,"column":32}}]},"3":{"type":"branch","line":29,"loc":{"start":{"line":29,"column":25},"end":{"line":33,"column":4}},"locations":[{"start":{"line":29,"column":25},"end":{"line":33,"column":4}}]},"4":{"type":"branch","line":35,"loc":{"start":{"line":35,"column":10},"end":{"line":37,"column":3}},"locations":[{"start":{"line":35,"column":10},"end":{"line":37,"column":3}}]},"5":{"type":"branch","line":39,"loc":{"start":{"line":39,"column":15},"end":{"line":43,"column":3}},"locations":[{"start":{"line":39,"column":15},"end":{"line":43,"column":3}}]},"6":{"type":"branch","line":45,"loc":{"start":{"line":45,"column":2},"end":{"line":46,"column":69}},"locations":[{"start":{"line":45,"column":2},"end":{"line":46,"column":69}}]},"7":{"type":"branch","line":49,"loc":{"start":{"line":49,"column":25},"end":{"line":49,"column":26}},"locations":[{"start":{"line":49,"column":25},"end":{"line":49,"column":26}}]},"8":{"type":"branch","line":67,"loc":{"start":{"line":67,"column":32},"end":{"line":67,"column":36}},"locations":[{"start":{"line":67,"column":32},"end":{"line":67,"column":36}}]},"9":{"type":"branch","line":53,"loc":{"start":{"line":53,"column":12},"end":{"line":53,"column":35}},"locations":[{"start":{"line":53,"column":12},"end":{"line":53,"column":35}}]},"10":{"type":"branch","line":54,"loc":{"start":{"line":54,"column":12},"end":{"line":57,"column":11}},"locations":[{"start":{"line":54,"column":12},"end":{"line":57,"column":11}}]},"11":{"type":"branch","line":59,"loc":{"start":{"line":59,"column":13},"end":{"line":59,"column":49}},"locations":[{"start":{"line":59,"column":13},"end":{"line":59,"column":49}}]},"12":{"type":"branch","line":59,"loc":{"start":{"line":59,"column":47},"end":{"line":63,"column":105}},"locations":[{"start":{"line":59,"column":47},"end":{"line":63,"column":105}}]},"13":{"type":"branch","line":59,"loc":{"start":{"line":59,"column":47},"end":{"line":63,"column":100}},"locations":[{"start":{"line":59,"column":47},"end":{"line":63,"column":100}}]},"14":{"type":"branch","line":69,"loc":{"start":{"line":69,"column":13},"end":{"line":69,"column":39}},"locations":[{"start":{"line":69,"column":13},"end":{"line":69,"column":39}}]},"15":{"type":"branch","line":69,"loc":{"start":{"line":69,"column":37},"end":{"line":76,"column":43}},"locations":[{"start":{"line":69,"column":37},"end":{"line":76,"column":43}}]},"16":{"type":"branch","line":69,"loc":{"start":{"line":69,"column":37},"end":{"line":76,"column":35}},"locations":[{"start":{"line":69,"column":37},"end":{"line":76,"column":35}}]},"17":{"type":"branch","line":82,"loc":{"start":{"line":82,"column":11},"end":{"line":82,"column":31}},"locations":[{"start":{"line":82,"column":11},"end":{"line":82,"column":31}}]},"18":{"type":"branch","line":82,"loc":{"start":{"line":82,"column":29},"end":{"line":86,"column":38}},"locations":[{"start":{"line":82,"column":29},"end":{"line":86,"column":38}}]},"19":{"type":"branch","line":82,"loc":{"start":{"line":82,"column":29},"end":{"line":85,"column":64}},"locations":[{"start":{"line":82,"column":29},"end":{"line":85,"column":64}}]},"20":{"type":"branch","line":85,"loc":{"start":{"line":85,"column":64},"end":{"line":86,"column":30}},"locations":[{"start":{"line":85,"column":64},"end":{"line":86,"column":30}}]},"21":{"type":"branch","line":92,"loc":{"start":{"line":92,"column":11},"end":{"line":92,"column":48}},"locations":[{"start":{"line":92,"column":11},"end":{"line":92,"column":48}}]},"22":{"type":"branch","line":92,"loc":{"start":{"line":92,"column":46},"end":{"line":97,"column":43}},"locations":[{"start":{"line":92,"column":46},"end":{"line":97,"column":43}}]},"23":{"type":"branch","line":95,"loc":{"start":{"line":95,"column":-1},"end":{"line":95,"column":40}},"locations":[{"start":{"line":95,"column":-1},"end":{"line":95,"column":40}}]},"24":{"type":"branch","line":95,"loc":{"start":{"line":95,"column":39},"end":{"line":96,"column":42}},"locations":[{"start":{"line":95,"column":39},"end":{"line":96,"column":42}}]},"25":{"type":"branch","line":96,"loc":{"start":{"line":96,"column":41},"end":{"line":97,"column":43}},"locations":[{"start":{"line":96,"column":41},"end":{"line":97,"column":43}}]},"26":{"type":"branch","line":97,"loc":{"start":{"line":97,"column":42},"end":{"line":97,"column":43}},"locations":[{"start":{"line":97,"column":42},"end":{"line":97,"column":43}}]},"27":{"type":"branch","line":97,"loc":{"start":{"line":97,"column":42},"end":{"line":97,"column":43}},"locations":[{"start":{"line":97,"column":42},"end":{"line":97,"column":43}}]}},"b":{"0":[17],"1":[17],"2":[0],"3":[34],"4":[17],"5":[17],"6":[17],"7":[0],"8":[0],"9":[17],"10":[56],"11":[17],"12":[13],"13":[13],"14":[17],"15":[5],"16":[5],"17":[17],"18":[3],"19":[3],"20":[3],"21":[17],"22":[16],"23":[1],"24":[77],"25":[48],"26":[17],"27":[16]},"fnMap":{"0":{"name":"__vite_ssr_import_7__.$$component.location","decl":{"start":{"line":18,"column":61},"end":{"line":103,"column":1}},"loc":{"start":{"line":18,"column":61},"end":{"line":103,"column":1}},"line":18},"1":{"name":"scrollToBottom","decl":{"start":{"line":29,"column":25},"end":{"line":33,"column":4}},"loc":{"start":{"line":29,"column":25},"end":{"line":33,"column":4}},"line":29},"2":{"name":"get each","decl":{"start":{"line":53,"column":12},"end":{"line":53,"column":35}},"loc":{"start":{"line":53,"column":12},"end":{"line":53,"column":35}},"line":53},"3":{"name":"children","decl":{"start":{"line":54,"column":12},"end":{"line":57,"column":11}},"loc":{"start":{"line":54,"column":12},"end":{"line":57,"column":11}},"line":54},"4":{"name":"get when","decl":{"start":{"line":59,"column":13},"end":{"line":59,"column":49}},"loc":{"start":{"line":59,"column":13},"end":{"line":59,"column":49}},"line":59},"5":{"name":"get children","decl":{"start":{"line":59,"column":47},"end":{"line":63,"column":105}},"loc":{"start":{"line":59,"column":47},"end":{"line":63,"column":105}},"line":59},"6":{"name":"get when","decl":{"start":{"line":69,"column":13},"end":{"line":69,"column":39}},"loc":{"start":{"line":69,"column":13},"end":{"line":69,"column":39}},"line":69},"7":{"name":"get children","decl":{"start":{"line":69,"column":37},"end":{"line":76,"column":43}},"loc":{"start":{"line":69,"column":37},"end":{"line":76,"column":43}},"line":69},"8":{"name":"get when","decl":{"start":{"line":82,"column":11},"end":{"line":82,"column":31}},"loc":{"start":{"line":82,"column":11},"end":{"line":82,"column":31}},"line":82},"9":{"name":"get children","decl":{"start":{"line":82,"column":29},"end":{"line":86,"column":38}},"loc":{"start":{"line":82,"column":29},"end":{"line":86,"column":38}},"line":82},"10":{"name":"get when","decl":{"start":{"line":92,"column":11},"end":{"line":92,"column":48}},"loc":{"start":{"line":92,"column":11},"end":{"line":92,"column":48}},"line":92},"11":{"name":"get children","decl":{"start":{"line":92,"column":46},"end":{"line":97,"column":43}},"loc":{"start":{"line":92,"column":46},"end":{"line":97,"column":43}},"line":92},"12":{"name":"get onSend","decl":{"start":{"line":95,"column":-1},"end":{"line":95,"column":40}},"loc":{"start":{"line":95,"column":-1},"end":{"line":95,"column":40}},"line":95},"13":{"name":"get isDisabled","decl":{"start":{"line":95,"column":39},"end":{"line":96,"column":42}},"loc":{"start":{"line":95,"column":39},"end":{"line":96,"column":42}},"line":95},"14":{"name":"get placeholder","decl":{"start":{"line":96,"column":41},"end":{"line":97,"column":43}},"loc":{"start":{"line":96,"column":41},"end":{"line":97,"column":43}},"line":96}},"f":{"0":17,"1":34,"2":17,"3":56,"4":17,"5":13,"6":17,"7":5,"8":17,"9":3,"10":17,"11":16,"12":1,"13":77,"14":48}}
,"/Users/lei/workspace/gen-ai/ag-ui-solid/src/components/Composer.tsx": {"path":"/Users/lei/workspace/gen-ai/ag-ui-solid/src/components/Composer.tsx","all":false,"statementMap":{"0":{"start":{"line":1,"column":0},"end":{"line":1,"column":57}},"1":{"start":{"line":2,"column":0},"end":{"line":2,"column":53}},"2":{"start":{"line":3,"column":0},"end":{"line":3,"column":36}},"3":{"start":{"line":4,"column":0},"end":{"line":4,"column":34}},"4":{"start":{"line":5,"column":0},"end":{"line":5,"column":0}},"5":{"start":{"line":6,"column":0},"end":{"line":6,"column":32}},"6":{"start":{"line":7,"column":0},"end":{"line":7,"column":36}},"7":{"start":{"line":8,"column":0},"end":{"line":8,"column":23}},"8":{"start":{"line":9,"column":0},"end":{"line":9,"column":23}},"9":{"start":{"line":10,"column":0},"end":{"line":10,"column":17}},"10":{"start":{"line":11,"column":0},"end":{"line":11,"column":21}},"11":{"start":{"line":12,"column":0},"end":{"line":12,"column":1}},"12":{"start":{"line":13,"column":0},"end":{"line":13,"column":0}},"13":{"start":{"line":14,"column":0},"end":{"line":14,"column":62}},"14":{"start":{"line":15,"column":0},"end":{"line":15,"column":26}},"15":{"start":{"line":16,"column":0},"end":{"line":16,"column":55}},"16":{"start":{"line":17,"column":0},"end":{"line":17,"column":56}},"17":{"start":{"line":18,"column":0},"end":{"line":18,"column":51}},"18":{"start":{"line":19,"column":0},"end":{"line":19,"column":0}},"19":{"start":{"line":20,"column":0},"end":{"line":20,"column":38}},"20":{"start":{"line":21,"column":0},"end":{"line":21,"column":23}},"21":{"start":{"line":22,"column":0},"end":{"line":22,"column":40}},"22":{"start":{"line":23,"column":0},"end":{"line":23,"column":0}},"23":{"start":{"line":24,"column":0},"end":{"line":24,"column":39}},"24":{"start":{"line":25,"column":0},"end":{"line":25,"column":28}},"25":{"start":{"line":26,"column":0},"end":{"line":26,"column":24}},"26":{"start":{"line":27,"column":0},"end":{"line":27,"column":45}},"27":{"start":{"line":28,"column":0},"end":{"line":28,"column":35}},"28":{"start":{"line":29,"column":0},"end":{"line":29,"column":29}},"29":{"start":{"line":30,"column":0},"end":{"line":30,"column":9}},"30":{"start":{"line":31,"column":0},"end":{"line":31,"column":5}},"31":{"start":{"line":32,"column":0},"end":{"line":32,"column":4}},"32":{"start":{"line":33,"column":0},"end":{"line":33,"column":0}},"33":{"start":{"line":34,"column":0},"end":{"line":34,"column":47}},"34":{"start":{"line":35,"column":0},"end":{"line":35,"column":43}},"35":{"start":{"line":36,"column":0},"end":{"line":36,"column":25}},"36":{"start":{"line":37,"column":0},"end":{"line":37,"column":22}},"37":{"start":{"line":38,"column":0},"end":{"line":38,"column":5}},"38":{"start":{"line":39,"column":0},"end":{"line":39,"column":4}},"39":{"start":{"line":40,"column":0},"end":{"line":40,"column":0}},"40":{"start":{"line":41,"column":0},"end":{"line":41,"column":51}},"41":{"start":{"line":42,"column":0},"end":{"line":42,"column":95}},"42":{"start":{"line":43,"column":0},"end":{"line":43,"column":89}},"43":{"start":{"line":44,"column":0},"end":{"line":44,"column":0}},"44":{"start":{"line":45,"column":0},"end":{"line":45,"column":10}},"45":{"start":{"line":46,"column":0},"end":{"line":46,"column":9}},"46":{"start":{"line":47,"column":0},"end":{"line":47,"column":29}},"47":{"start":{"line":48,"column":0},"end":{"line":48,"column":56}},"48":{"start":{"line":49,"column":0},"end":{"line":49,"column":5}},"49":{"start":{"line":50,"column":0},"end":{"line":50,"column":16}},"50":{"start":{"line":51,"column":0},"end":{"line":51,"column":28}},"51":{"start":{"line":52,"column":0},"end":{"line":52,"column":32}},"52":{"start":{"line":53,"column":0},"end":{"line":53,"column":7}},"53":{"start":{"line":54,"column":0},"end":{"line":54,"column":12}},"54":{"start":{"line":55,"column":0},"end":{"line":55,"column":83}},"55":{"start":{"line":56,"column":0},"end":{"line":56,"column":23}},"56":{"start":{"line":57,"column":0},"end":{"line":57,"column":54}},"57":{"start":{"line":58,"column":0},"end":{"line":58,"column":33}},"58":{"start":{"line":59,"column":0},"end":{"line":59,"column":13}},"59":{"start":{"line":60,"column":0},"end":{"line":60,"column":9}},"60":{"start":{"line":61,"column":0},"end":{"line":61,"column":29}},"61":{"start":{"line":62,"column":0},"end":{"line":62,"column":29}},"62":{"start":{"line":63,"column":0},"end":{"line":63,"column":37}},"63":{"start":{"line":64,"column":0},"end":{"line":64,"column":46}},"64":{"start":{"line":65,"column":0},"end":{"line":65,"column":46}},"65":{"start":{"line":66,"column":0},"end":{"line":66,"column":72}},"66":{"start":{"line":67,"column":0},"end":{"line":67,"column":101}},"67":{"start":{"line":68,"column":0},"end":{"line":68,"column":20}},"68":{"start":{"line":69,"column":0},"end":{"line":69,"column":22}},"69":{"start":{"line":70,"column":0},"end":{"line":70,"column":12}},"70":{"start":{"line":71,"column":0},"end":{"line":71,"column":17}},"71":{"start":{"line":72,"column":0},"end":{"line":72,"column":25}},"72":{"start":{"line":73,"column":0},"end":{"line":73,"column":80}},"73":{"start":{"line":74,"column":0},"end":{"line":74,"column":51}},"74":{"start":{"line":75,"column":0},"end":{"line":75,"column":105}},"75":{"start":{"line":76,"column":0},"end":{"line":76,"column":71}},"76":{"start":{"line":77,"column":0},"end":{"line":77,"column":64}},"77":{"start":{"line":78,"column":0},"end":{"line":78,"column":79}},"78":{"start":{"line":79,"column":0},"end":{"line":79,"column":15}},"79":{"start":{"line":80,"column":0},"end":{"line":80,"column":11}},"80":{"start":{"line":81,"column":0},"end":{"line":81,"column":52}},"81":{"start":{"line":82,"column":0},"end":{"line":82,"column":16}},"82":{"start":{"line":83,"column":0},"end":{"line":83,"column":34}},"83":{"start":{"line":84,"column":0},"end":{"line":84,"column":49}},"84":{"start":{"line":85,"column":0},"end":{"line":85,"column":17}},"85":{"start":{"line":86,"column":0},"end":{"line":86,"column":14}},"86":{"start":{"line":87,"column":0},"end":{"line":87,"column":72}},"87":{"start":{"line":88,"column":0},"end":{"line":88,"column":19}},"88":{"start":{"line":89,"column":0},"end":{"line":89,"column":19}},"89":{"start":{"line":90,"column":0},"end":{"line":90,"column":14}},"90":{"start":{"line":91,"column":0},"end":{"line":91,"column":18}},"91":{"start":{"line":92,"column":0},"end":{"line":92,"column":0}},"92":{"start":{"line":93,"column":0},"end":{"line":93,"column":35}},"93":{"start":{"line":94,"column":0},"end":{"line":94,"column":42}},"94":{"start":{"line":95,"column":0},"end":{"line":95,"column":23}},"95":{"start":{"line":96,"column":0},"end":{"line":96,"column":42}},"96":{"start":{"line":97,"column":0},"end":{"line":97,"column":27}},"97":{"start":{"line":98,"column":0},"end":{"line":98,"column":31}},"98":{"start":{"line":99,"column":0},"end":{"line":99,"column":29}},"99":{"start":{"line":100,"column":0},"end":{"line":100,"column":12}},"100":{"start":{"line":101,"column":0},"end":{"line":101,"column":48}},"101":{"start":{"line":102,"column":0},"end":{"line":102,"column":14}},"102":{"start":{"line":103,"column":0},"end":{"line":103,"column":13}},"103":{"start":{"line":104,"column":0},"end":{"line":104,"column":11}},"104":{"start":{"line":105,"column":0},"end":{"line":105,"column":4}},"105":{"start":{"line":106,"column":0},"end":{"line":106,"column":2}}},"s":{"0":1,"1":1,"2":1,"3":1,"4":1,"5":1,"6":1,"7":1,"8":1,"9":1,"10":1,"11":1,"12":1,"13":1,"14":34,"15":34,"16":34,"17":34,"18":34,"19":34,"20":4,"21":4,"22":4,"23":4,"24":4,"25":4,"26":4,"27":4,"28":4,"29":4,"30":4,"31":4,"32":34,"33":34,"34":152,"35":1,"36":1,"37":1,"38":152,"39":34,"40":34,"41":34,"42":34,"43":34,"44":34,"45":34,"46":34,"47":34,"48":34,"49":34,"50":410,"51":34,"52":34,"53":34,"54":34,"55":34,"56":34,"57":34,"58":34,"59":34,"60":34,"61":34,"62":34,"63":34,"64":34,"65":188,"66":34,"67":34,"68":34,"69":34,"70":34,"71":34,"72":34,"73":34,"74":34,"75":34,"76":34,"77":34,"78":34,"79":34,"80":34,"81":27,"82":27,"83":27,"84":7,"85":7,"86":7,"87":34,"88":34,"89":34,"90":34,"91":34,"92":34,"93":4,"94":4,"95":4,"96":4,"97":4,"98":4,"99":4,"100":34,"101":34,"102":34,"103":34,"104":34,"105":1},"branchMap":{"0":{"type":"branch","line":14,"loc":{"start":{"line":14,"column":51},"end":{"line":106,"column":1}},"locations":[{"start":{"line":14,"column":51},"end":{"line":106,"column":1}}]},"1":{"type":"branch","line":20,"loc":{"start":{"line":20,"column":23},"end":{"line":32,"column":4}},"locations":[{"start":{"line":20,"column":23},"end":{"line":32,"column":4}}]},"2":{"type":"branch","line":28,"loc":{"start":{"line":28,"column":28},"end":{"line":30,"column":7}},"locations":[{"start":{"line":28,"column":28},"end":{"line":30,"column":7}}]},"3":{"type":"branch","line":34,"loc":{"start":{"line":34,"column":24},"end":{"line":39,"column":4}},"locations":[{"start":{"line":34,"column":24},"end":{"line":39,"column":4}}]},"4":{"type":"branch","line":35,"loc":{"start":{"line":35,"column":18},"end":{"line":35,"column":42}},"locations":[{"start":{"line":35,"column":18},"end":{"line":35,"column":42}}]},"5":{"type":"branch","line":35,"loc":{"start":{"line":35,"column":42},"end":{"line":38,"column":5}},"locations":[{"start":{"line":35,"column":42},"end":{"line":38,"column":5}}]},"6":{"type":"branch","line":41,"loc":{"start":{"line":41,"column":25},"end":{"line":41,"column":51}},"locations":[{"start":{"line":41,"column":25},"end":{"line":41,"column":51}}]},"7":{"type":"branch","line":42,"loc":{"start":{"line":42,"column":22},"end":{"line":42,"column":95}},"locations":[{"start":{"line":42,"column":22},"end":{"line":42,"column":95}}]},"8":{"type":"branch","line":42,"loc":{"start":{"line":42,"column":83},"end":{"line":42,"column":95}},"locations":[{"start":{"line":42,"column":83},"end":{"line":42,"column":95}}]},"9":{"type":"branch","line":43,"loc":{"start":{"line":43,"column":22},"end":{"line":43,"column":89}},"locations":[{"start":{"line":43,"column":22},"end":{"line":43,"column":89}}]},"10":{"type":"branch","line":43,"loc":{"start":{"line":43,"column":34},"end":{"line":43,"column":83}},"locations":[{"start":{"line":43,"column":34},"end":{"line":43,"column":83}}]},"11":{"type":"branch","line":43,"loc":{"start":{"line":43,"column":71},"end":{"line":43,"column":89}},"locations":[{"start":{"line":43,"column":71},"end":{"line":43,"column":89}}]},"12":{"type":"branch","line":45,"loc":{"start":{"line":45,"column":2},"end":{"line":48,"column":56}},"locations":[{"start":{"line":45,"column":2},"end":{"line":48,"column":56}}]},"13":{"type":"branch","line":51,"loc":{"start":{"line":51,"column":-1},"end":{"line":51,"column":28}},"locations":[{"start":{"line":51,"column":-1},"end":{"line":51,"column":28}}]},"14":{"type":"branch","line":52,"loc":{"start":{"line":52,"column":31},"end":{"line":79,"column":15}},"locations":[{"start":{"line":52,"column":31},"end":{"line":79,"column":15}}]},"15":{"type":"branch","line":62,"loc":{"start":{"line":62,"column":-1},"end":{"line":62,"column":29}},"locations":[{"start":{"line":62,"column":-1},"end":{"line":62,"column":29}}]},"16":{"type":"branch","line":62,"loc":{"start":{"line":62,"column":28},"end":{"line":62,"column":29}},"locations":[{"start":{"line":62,"column":28},"end":{"line":62,"column":29}}]},"17":{"type":"branch","line":64,"loc":{"start":{"line":64,"column":21},"end":{"line":64,"column":46}},"locations":[{"start":{"line":64,"column":21},"end":{"line":64,"column":46}}]},"18":{"type":"branch","line":65,"loc":{"start":{"line":65,"column":20},"end":{"line":65,"column":45}},"locations":[{"start":{"line":65,"column":20},"end":{"line":65,"column":45}}]},"19":{"type":"branch","line":65,"loc":{"start":{"line":65,"column":45},"end":{"line":66,"column":72}},"locations":[{"start":{"line":65,"column":45},"end":{"line":66,"column":72}}]},"20":{"type":"branch","line":66,"loc":{"start":{"line":66,"column":31},"end":{"line":66,"column":71}},"locations":[{"start":{"line":66,"column":31},"end":{"line":66,"column":71}}]},"21":{"type":"branch","line":74,"loc":{"start":{"line":74,"column":26},"end":{"line":74,"column":50}},"locations":[{"start":{"line":74,"column":26},"end":{"line":74,"column":50}}]},"22":{"type":"branch","line":81,"loc":{"start":{"line":81,"column":17},"end":{"line":81,"column":42}},"locations":[{"start":{"line":81,"column":17},"end":{"line":81,"column":42}}]},"23":{"type":"branch","line":81,"loc":{"start":{"line":81,"column":40},"end":{"line":84,"column":49}},"locations":[{"start":{"line":81,"column":40},"end":{"line":84,"column":49}}]},"24":{"type":"branch","line":83,"loc":{"start":{"line":83,"column":30},"end":{"line":84,"column":49}},"locations":[{"start":{"line":83,"column":30},"end":{"line":84,"column":49}}]},"25":{"type":"branch","line":83,"loc":{"start":{"line":83,"column":30},"end":{"line":84,"column":41}},"locations":[{"start":{"line":83,"column":30},"end":{"line":84,"column":41}}]},"26":{"type":"branch","line":84,"loc":{"start":{"line":84,"column":41},"end":{"line":87,"column":72}},"locations":[{"start":{"line":84,"column":41},"end":{"line":87,"column":72}}]},"27":{"type":"branch","line":84,"loc":{"start":{"line":84,"column":41},"end":{"line":87,"column":64}},"locations":[{"start":{"line":84,"column":41},"end":{"line":87,"column":64}}]},"28":{"type":"branch","line":87,"loc":{"start":{"line":87,"column":64},"end":{"line":87,"column":72}},"locations":[{"start":{"line":87,"column":64},"end":{"line":87,"column":72}}]},"29":{"type":"branch","line":87,"loc":{"start":{"line":87,"column":64},"end":{"line":87,"column":72}},"locations":[{"start":{"line":87,"column":64},"end":{"line":87,"column":72}}]},"30":{"type":"branch","line":87,"loc":{"start":{"line":87,"column":64},"end":{"line":87,"column":72}},"locations":[{"start":{"line":87,"column":64},"end":{"line":87,"column":72}}]},"31":{"type":"branch","line":87,"loc":{"start":{"line":87,"column":64},"end":{"line":87,"column":72}},"locations":[{"start":{"line":87,"column":64},"end":{"line":87,"column":72}}]},"32":{"type":"branch","line":87,"loc":{"start":{"line":87,"column":64},"end":{"line":87,"column":72}},"locations":[{"start":{"line":87,"column":64},"end":{"line":87,"column":72}}]},"33":{"type":"branch","line":87,"loc":{"start":{"line":87,"column":64},"end":{"line":87,"column":72}},"locations":[{"start":{"line":87,"column":64},"end":{"line":87,"column":72}}]},"34":{"type":"branch","line":87,"loc":{"start":{"line":87,"column":64},"end":{"line":87,"column":72}},"locations":[{"start":{"line":87,"column":64},"end":{"line":87,"column":72}}]},"35":{"type":"branch","line":87,"loc":{"start":{"line":87,"column":64},"end":{"line":87,"column":72}},"locations":[{"start":{"line":87,"column":64},"end":{"line":87,"column":72}}]},"36":{"type":"branch","line":79,"loc":{"start":{"line":79,"column":14},"end":{"line":79,"column":15}},"locations":[{"start":{"line":79,"column":14},"end":{"line":79,"column":15}}]},"37":{"type":"branch","line":79,"loc":{"start":{"line":79,"column":14},"end":{"line":79,"column":15}},"locations":[{"start":{"line":79,"column":14},"end":{"line":79,"column":15}}]},"38":{"type":"branch","line":79,"loc":{"start":{"line":79,"column":14},"end":{"line":79,"column":15}},"locations":[{"start":{"line":79,"column":14},"end":{"line":79,"column":15}}]},"39":{"type":"branch","line":93,"loc":{"start":{"line":93,"column":11},"end":{"line":93,"column":35}},"locations":[{"start":{"line":93,"column":11},"end":{"line":93,"column":35}}]},"40":{"type":"branch","line":93,"loc":{"start":{"line":93,"column":33},"end":{"line":100,"column":12}},"locations":[{"start":{"line":93,"column":33},"end":{"line":100,"column":12}}]},"41":{"type":"branch","line":101,"loc":{"start":{"line":101,"column":25},"end":{"line":101,"column":47}},"locations":[{"start":{"line":101,"column":25},"end":{"line":101,"column":47}}]},"42":{"type":"branch","line":101,"loc":{"start":{"line":101,"column":47},"end":{"line":101,"column":48}},"locations":[{"start":{"line":101,"column":47},"end":{"line":101,"column":48}}]},"43":{"type":"branch","line":101,"loc":{"start":{"line":101,"column":47},"end":{"line":101,"column":48}},"locations":[{"start":{"line":101,"column":47},"end":{"line":101,"column":48}}]},"44":{"type":"branch","line":101,"loc":{"start":{"line":101,"column":47},"end":{"line":101,"column":48}},"locations":[{"start":{"line":101,"column":47},"end":{"line":101,"column":48}}]},"45":{"type":"branch","line":101,"loc":{"start":{"line":101,"column":47},"end":{"line":101,"column":48}},"locations":[{"start":{"line":101,"column":47},"end":{"line":101,"column":48}}]},"46":{"type":"branch","line":101,"loc":{"start":{"line":101,"column":47},"end":{"line":101,"column":48}},"locations":[{"start":{"line":101,"column":47},"end":{"line":101,"column":48}}]},"47":{"type":"branch","line":100,"loc":{"start":{"line":100,"column":10},"end":{"line":100,"column":12}},"locations":[{"start":{"line":100,"column":10},"end":{"line":100,"column":12}}]},"48":{"type":"branch","line":100,"loc":{"start":{"line":100,"column":10},"end":{"line":100,"column":12}},"locations":[{"start":{"line":100,"column":10},"end":{"line":100,"column":12}}]}},"b":{"0":[34],"1":[4],"2":[4],"3":[152],"4":[2],"5":[1],"6":[218],"7":[38],"8":[0],"9":[261],"10":[133],"11":[128],"12":[34],"13":[410],"14":[34],"15":[34],"16":[0],"17":[14],"18":[1],"19":[188],"20":[186],"21":[3],"22":[34],"23":[27],"24":[27],"25":[27],"26":[7],"27":[7],"28":[128],"29":[35],"30":[154],"31":[107],"32":[154],"33":[107],"34":[65],"35":[98],"36":[49],"37":[50],"38":[50],"39":[34],"40":[4],"41":[4],"42":[47],"43":[9],"44":[38],"45":[3],"46":[35],"47":[34],"48":[33]},"fnMap":{"0":{"name":"__vite_ssr_import_7__.$$component.location","decl":{"start":{"line":14,"column":51},"end":{"line":106,"column":1}},"loc":{"start":{"line":14,"column":51},"end":{"line":106,"column":1}},"line":14},"1":{"name":"handleSubmit","decl":{"start":{"line":20,"column":23},"end":{"line":32,"column":4}},"loc":{"start":{"line":20,"column":23},"end":{"line":32,"column":4}},"line":20},"2":{"name":"handleKeyDown","decl":{"start":{"line":34,"column":24},"end":{"line":39,"column":4}},"loc":{"start":{"line":34,"column":24},"end":{"line":39,"column":4}},"line":34},"3":{"name":"characterCount","decl":{"start":{"line":41,"column":25},"end":{"line":41,"column":51}},"loc":{"start":{"line":41,"column":25},"end":{"line":41,"column":51}},"line":41},"4":{"name":"isNearLimit","decl":{"start":{"line":42,"column":22},"end":{"line":42,"column":95}},"loc":{"start":{"line":42,"column":22},"end":{"line":42,"column":95}},"line":42},"5":{"name":"isOverLimit","decl":{"start":{"line":43,"column":22},"end":{"line":43,"column":89}},"loc":{"start":{"line":43,"column":22},"end":{"line":43,"column":89}},"line":43},"6":{"name":"get value","decl":{"start":{"line":51,"column":-1},"end":{"line":51,"column":28}},"loc":{"start":{"line":51,"column":-1},"end":{"line":51,"column":28}},"line":51},"7":{"name":"get children","decl":{"start":{"line":52,"column":31},"end":{"line":79,"column":15}},"loc":{"start":{"line":52,"column":31},"end":{"line":79,"column":15}},"line":52},"8":{"name":"ref","decl":{"start":{"line":62,"column":-1},"end":{"line":62,"column":29}},"loc":{"start":{"line":62,"column":-1},"end":{"line":62,"column":29}},"line":62},"9":{"name":"onFocus","decl":{"start":{"line":64,"column":21},"end":{"line":64,"column":46}},"loc":{"start":{"line":64,"column":21},"end":{"line":64,"column":46}},"line":64},"10":{"name":"onBlur","decl":{"start":{"line":65,"column":20},"end":{"line":65,"column":45}},"loc":{"start":{"line":65,"column":20},"end":{"line":65,"column":45}},"line":65},"11":{"name":"get placeholder","decl":{"start":{"line":65,"column":45},"end":{"line":66,"column":72}},"loc":{"start":{"line":65,"column":45},"end":{"line":66,"column":72}},"line":65},"12":{"name":"_el$3.$$mousedown","decl":{"start":{"line":74,"column":26},"end":{"line":74,"column":50}},"loc":{"start":{"line":74,"column":26},"end":{"line":74,"column":50}},"line":74},"13":{"name":"get when","decl":{"start":{"line":81,"column":17},"end":{"line":81,"column":42}},"loc":{"start":{"line":81,"column":17},"end":{"line":81,"column":42}},"line":81},"14":{"name":"get fallback","decl":{"start":{"line":81,"column":40},"end":{"line":84,"column":49}},"loc":{"start":{"line":81,"column":40},"end":{"line":84,"column":49}},"line":81},"15":{"name":"get children","decl":{"start":{"line":84,"column":41},"end":{"line":87,"column":72}},"loc":{"start":{"line":84,"column":41},"end":{"line":87,"column":72}},"line":84},"16":{"name":"get when","decl":{"start":{"line":93,"column":11},"end":{"line":93,"column":35}},"loc":{"start":{"line":93,"column":11},"end":{"line":93,"column":35}},"line":93},"17":{"name":"get children","decl":{"start":{"line":93,"column":33},"end":{"line":100,"column":12}},"loc":{"start":{"line":93,"column":33},"end":{"line":100,"column":12}},"line":93}},"f":{"0":34,"1":4,"2":152,"3":218,"4":38,"5":261,"6":410,"7":34,"8":34,"9":14,"10":1,"11":188,"12":3,"13":34,"14":27,"15":7,"16":34,"17":4}}
,"/Users/lei/workspace/gen-ai/ag-ui-solid/src/components/Message.tsx": {"path":"/Users/lei/workspace/gen-ai/ag-ui-solid/src/components/Message.tsx","all":false,"statementMap":{"0":{"start":{"line":1,"column":0},"end":{"line":1,"column":60}},"1":{"start":{"line":2,"column":0},"end":{"line":2,"column":32}},"2":{"start":{"line":3,"column":0},"end":{"line":3,"column":51}},"3":{"start":{"line":4,"column":0},"end":{"line":4,"column":55}},"4":{"start":{"line":5,"column":0},"end":{"line":5,"column":42}},"5":{"start":{"line":6,"column":0},"end":{"line":6,"column":34}},"6":{"start":{"line":7,"column":0},"end":{"line":7,"column":0}},"7":{"start":{"line":8,"column":0},"end":{"line":8,"column":38}},"8":{"start":{"line":9,"column":0},"end":{"line":9,"column":19}},"9":{"start":{"line":10,"column":0},"end":{"line":10,"column":15}},"10":{"start":{"line":11,"column":0},"end":{"line":11,"column":12}},"11":{"start":{"line":12,"column":0},"end":{"line":12,"column":3}},"12":{"start":{"line":13,"column":0},"end":{"line":13,"column":0}},"13":{"start":{"line":14,"column":0},"end":{"line":14,"column":31}},"14":{"start":{"line":15,"column":0},"end":{"line":15,"column":23}},"15":{"start":{"line":16,"column":0},"end":{"line":16,"column":17}},"16":{"start":{"line":17,"column":0},"end":{"line":17,"column":1}},"17":{"start":{"line":18,"column":0},"end":{"line":18,"column":0}},"18":{"start":{"line":19,"column":0},"end":{"line":19,"column":60}},"19":{"start":{"line":20,"column":0},"end":{"line":20,"column":26}},"20":{"start":{"line":21,"column":0},"end":{"line":21,"column":0}},"21":{"start":{"line":22,"column":0},"end":{"line":22,"column":18}},"22":{"start":{"line":23,"column":0},"end":{"line":23,"column":143}},"23":{"start":{"line":24,"column":0},"end":{"line":24,"column":0}},"24":{"start":{"line":25,"column":0},"end":{"line":25,"column":31}},"25":{"start":{"line":26,"column":0},"end":{"line":26,"column":33}},"26":{"start":{"line":27,"column":0},"end":{"line":27,"column":18}},"27":{"start":{"line":28,"column":0},"end":{"line":28,"column":48}},"28":{"start":{"line":29,"column":0},"end":{"line":29,"column":23}},"29":{"start":{"line":30,"column":0},"end":{"line":30,"column":51}},"30":{"start":{"line":31,"column":0},"end":{"line":31,"column":20}},"31":{"start":{"line":32,"column":0},"end":{"line":32,"column":55}},"32":{"start":{"line":33,"column":0},"end":{"line":33,"column":14}},"33":{"start":{"line":34,"column":0},"end":{"line":34,"column":43}},"34":{"start":{"line":35,"column":0},"end":{"line":35,"column":5}},"35":{"start":{"line":36,"column":0},"end":{"line":36,"column":4}},"36":{"start":{"line":37,"column":0},"end":{"line":37,"column":0}},"37":{"start":{"line":38,"column":0},"end":{"line":38,"column":29}},"38":{"start":{"line":39,"column":0},"end":{"line":39,"column":58}},"39":{"start":{"line":40,"column":0},"end":{"line":40,"column":33}},"40":{"start":{"line":41,"column":0},"end":{"line":41,"column":18}},"41":{"start":{"line":42,"column":0},"end":{"line":42,"column":39}},"42":{"start":{"line":43,"column":0},"end":{"line":43,"column":23}},"43":{"start":{"line":44,"column":0},"end":{"line":44,"column":38}},"44":{"start":{"line":45,"column":0},"end":{"line":45,"column":20}},"45":{"start":{"line":46,"column":0},"end":{"line":46,"column":43}},"46":{"start":{"line":47,"column":0},"end":{"line":47,"column":14}},"47":{"start":{"line":48,"column":0},"end":{"line":48,"column":30}},"48":{"start":{"line":49,"column":0},"end":{"line":49,"column":5}},"49":{"start":{"line":50,"column":0},"end":{"line":50,"column":4}},"50":{"start":{"line":51,"column":0},"end":{"line":51,"column":0}},"51":{"start":{"line":52,"column":0},"end":{"line":52,"column":73}},"52":{"start":{"line":53,"column":0},"end":{"line":53,"column":53}},"53":{"start":{"line":54,"column":0},"end":{"line":54,"column":82}},"54":{"start":{"line":55,"column":0},"end":{"line":55,"column":99}},"55":{"start":{"line":56,"column":0},"end":{"line":56,"column":0}},"56":{"start":{"line":57,"column":0},"end":{"line":57,"column":36}},"57":{"start":{"line":58,"column":0},"end":{"line":58,"column":72}},"58":{"start":{"line":59,"column":0},"end":{"line":59,"column":72}},"59":{"start":{"line":60,"column":0},"end":{"line":60,"column":0}},"60":{"start":{"line":61,"column":0},"end":{"line":61,"column":35}},"61":{"start":{"line":62,"column":0},"end":{"line":62,"column":57}},"62":{"start":{"line":63,"column":0},"end":{"line":63,"column":64}},"63":{"start":{"line":64,"column":0},"end":{"line":64,"column":0}},"64":{"start":{"line":65,"column":0},"end":{"line":65,"column":43}},"65":{"start":{"line":66,"column":0},"end":{"line":66,"column":43}},"66":{"start":{"line":67,"column":0},"end":{"line":67,"column":43}},"67":{"start":{"line":68,"column":0},"end":{"line":68,"column":44}},"68":{"start":{"line":69,"column":0},"end":{"line":69,"column":44}},"69":{"start":{"line":70,"column":0},"end":{"line":70,"column":44}},"70":{"start":{"line":71,"column":0},"end":{"line":71,"column":0}},"71":{"start":{"line":72,"column":0},"end":{"line":72,"column":31}},"72":{"start":{"line":73,"column":0},"end":{"line":73,"column":49}},"73":{"start":{"line":74,"column":0},"end":{"line":74,"column":0}},"74":{"start":{"line":75,"column":0},"end":{"line":75,"column":26}},"75":{"start":{"line":76,"column":0},"end":{"line":76,"column":4}},"76":{"start":{"line":77,"column":0},"end":{"line":77,"column":0}},"77":{"start":{"line":78,"column":0},"end":{"line":78,"column":59}},"78":{"start":{"line":79,"column":0},"end":{"line":79,"column":46}},"79":{"start":{"line":80,"column":0},"end":{"line":80,"column":0}},"80":{"start":{"line":81,"column":0},"end":{"line":81,"column":28}},"81":{"start":{"line":82,"column":0},"end":{"line":82,"column":41}},"82":{"start":{"line":83,"column":0},"end":{"line":83,"column":44}},"83":{"start":{"line":84,"column":0},"end":{"line":84,"column":37}},"84":{"start":{"line":85,"column":0},"end":{"line":85,"column":5}},"85":{"start":{"line":86,"column":0},"end":{"line":86,"column":0}},"86":{"start":{"line":87,"column":0},"end":{"line":87,"column":10}},"87":{"start":{"line":88,"column":0},"end":{"line":88,"column":60}},"88":{"start":{"line":89,"column":0},"end":{"line":89,"column":32}},"89":{"start":{"line":90,"column":0},"end":{"line":90,"column":85}},"90":{"start":{"line":91,"column":0},"end":{"line":91,"column":31}},"91":{"start":{"line":92,"column":0},"end":{"line":92,"column":48}},"92":{"start":{"line":93,"column":0},"end":{"line":93,"column":68}},"93":{"start":{"line":94,"column":0},"end":{"line":94,"column":16}},"94":{"start":{"line":95,"column":0},"end":{"line":95,"column":14}},"95":{"start":{"line":96,"column":0},"end":{"line":96,"column":13}},"96":{"start":{"line":97,"column":0},"end":{"line":97,"column":0}},"97":{"start":{"line":98,"column":0},"end":{"line":98,"column":36}},"98":{"start":{"line":99,"column":0},"end":{"line":99,"column":93}},"99":{"start":{"line":100,"column":0},"end":{"line":100,"column":75}},"100":{"start":{"line":101,"column":0},"end":{"line":101,"column":52}},"101":{"start":{"line":102,"column":0},"end":{"line":102,"column":64}},"102":{"start":{"line":103,"column":0},"end":{"line":103,"column":70}},"103":{"start":{"line":104,"column":0},"end":{"line":104,"column":81}},"104":{"start":{"line":105,"column":0},"end":{"line":105,"column":19}},"105":{"start":{"line":106,"column":0},"end":{"line":106,"column":53}},"106":{"start":{"line":107,"column":0},"end":{"line":107,"column":54}},"107":{"start":{"line":108,"column":0},"end":{"line":108,"column":62}},"108":{"start":{"line":109,"column":0},"end":{"line":109,"column":73}},"109":{"start":{"line":110,"column":0},"end":{"line":110,"column":19}},"110":{"start":{"line":111,"column":0},"end":{"line":111,"column":16}},"111":{"start":{"line":112,"column":0},"end":{"line":112,"column":14}},"112":{"start":{"line":113,"column":0},"end":{"line":113,"column":65}},"113":{"start":{"line":114,"column":0},"end":{"line":114,"column":38}},"114":{"start":{"line":115,"column":0},"end":{"line":115,"column":12}},"115":{"start":{"line":116,"column":0},"end":{"line":116,"column":14}},"116":{"start":{"line":117,"column":0},"end":{"line":117,"column":12}},"117":{"start":{"line":118,"column":0},"end":{"line":118,"column":10}},"118":{"start":{"line":119,"column":0},"end":{"line":119,"column":4}},"119":{"start":{"line":120,"column":0},"end":{"line":120,"column":2}}},"s":{"0":1,"1":1,"2":1,"3":1,"4":1,"5":1,"6":1,"7":1,"8":1,"9":1,"10":1,"11":1,"12":1,"13":1,"14":1,"15":1,"16":1,"17":1,"18":1,"19":68,"20":68,"21":68,"22":68,"23":68,"24":68,"25":68,"26":68,"27":63,"28":68,"29":4,"30":68,"31":1,"32":68,"33":0,"34":68,"35":68,"36":68,"37":68,"38":68,"39":68,"40":68,"41":63,"42":68,"43":4,"44":68,"45":1,"46":68,"47":0,"48":68,"49":68,"50":68,"51":68,"52":68,"53":68,"54":68,"55":68,"56":68,"57":68,"58":68,"59":68,"60":68,"61":68,"62":68,"63":68,"64":68,"65":68,"66":68,"67":68,"68":68,"69":68,"70":68,"71":68,"72":68,"73":68,"74":68,"75":68,"76":68,"77":68,"78":68,"79":68,"80":68,"81":68,"82":68,"83":68,"84":68,"85":68,"86":68,"87":68,"88":68,"89":68,"90":2,"91":2,"92":2,"93":68,"94":68,"95":68,"96":68,"97":68,"98":68,"99":68,"100":68,"101":68,"102":68,"103":68,"104":68,"105":68,"106":68,"107":68,"108":68,"109":68,"110":68,"111":68,"112":68,"113":68,"114":68,"115":68,"116":68,"117":68,"118":68,"119":1},"branchMap":{"0":{"type":"branch","line":19,"loc":{"start":{"line":19,"column":49},"end":{"line":120,"column":1}},"locations":[{"start":{"line":19,"column":49},"end":{"line":120,"column":1}}]},"1":{"type":"branch","line":25,"loc":{"start":{"line":25,"column":24},"end":{"line":36,"column":4}},"locations":[{"start":{"line":25,"column":24},"end":{"line":36,"column":4}}]},"2":{"type":"branch","line":27,"loc":{"start":{"line":27,"column":6},"end":{"line":28,"column":48}},"locations":[{"start":{"line":27,"column":6},"end":{"line":28,"column":48}}]},"3":{"type":"branch","line":29,"loc":{"start":{"line":29,"column":6},"end":{"line":30,"column":51}},"locations":[{"start":{"line":29,"column":6},"end":{"line":30,"column":51}}]},"4":{"type":"branch","line":31,"loc":{"start":{"line":31,"column":6},"end":{"line":32,"column":55}},"locations":[{"start":{"line":31,"column":6},"end":{"line":32,"column":55}}]},"5":{"type":"branch","line":33,"loc":{"start":{"line":33,"column":6},"end":{"line":34,"column":43}},"locations":[{"start":{"line":33,"column":6},"end":{"line":34,"column":43}}]},"6":{"type":"branch","line":38,"loc":{"start":{"line":38,"column":22},"end":{"line":50,"column":4}},"locations":[{"start":{"line":38,"column":22},"end":{"line":50,"column":4}}]},"7":{"type":"branch","line":41,"loc":{"start":{"line":41,"column":6},"end":{"line":42,"column":39}},"locations":[{"start":{"line":41,"column":6},"end":{"line":42,"column":39}}]},"8":{"type":"branch","line":43,"loc":{"start":{"line":43,"column":6},"end":{"line":44,"column":38}},"locations":[{"start":{"line":43,"column":6},"end":{"line":44,"column":38}}]},"9":{"type":"branch","line":45,"loc":{"start":{"line":45,"column":6},"end":{"line":46,"column":43}},"locations":[{"start":{"line":45,"column":6},"end":{"line":46,"column":43}}]},"10":{"type":"branch","line":47,"loc":{"start":{"line":47,"column":6},"end":{"line":48,"column":30}},"locations":[{"start":{"line":47,"column":6},"end":{"line":48,"column":30}}]},"11":{"type":"branch","line":53,"loc":{"start":{"line":53,"column":23},"end":{"line":76,"column":4}},"locations":[{"start":{"line":53,"column":23},"end":{"line":76,"column":4}}]},"12":{"type":"branch","line":79,"loc":{"start":{"line":79,"column":18},"end":{"line":79,"column":46}},"locations":[{"start":{"line":79,"column":18},"end":{"line":79,"column":46}}]},"13":{"type":"branch","line":82,"loc":{"start":{"line":82,"column":34},"end":{"line":85,"column":3}},"locations":[{"start":{"line":82,"column":34},"end":{"line":85,"column":3}}]},"14":{"type":"branch","line":87,"loc":{"start":{"line":87,"column":2},"end":{"line":114,"column":38}},"locations":[{"start":{"line":87,"column":2},"end":{"line":114,"column":38}}]},"15":{"type":"branch","line":90,"loc":{"start":{"line":90,"column":11},"end":{"line":90,"column":85}},"locations":[{"start":{"line":90,"column":11},"end":{"line":90,"column":85}}]},"16":{"type":"branch","line":90,"loc":{"start":{"line":90,"column":43},"end":{"line":90,"column":83}},"locations":[{"start":{"line
[...]
76,"column":18},"end":{"line":92,"column":18}}]},"14":{"type":"branch","line":92,"loc":{"start":{"line":92,"column":6},"end":{"line":92,"column":36}},"locations":[{"start":{"line":92,"column":6},"end":{"line":92,"column":36}}]},"15":{"type":"branch","line":93,"loc":{"start":{"line":93,"column":4},"end":{"line":97,"column":5}},"locations":[{"start":{"line":93,"column":4},"end":{"line":97,"column":5}}]},"16":{"type":"branch","line":94,"loc":{"start":{"line":94,"column":54},"end":{"line":94,"column":84}},"locations":[{"start":{"line":94,"column":54},"end":{"line":94,"column":84}}]},"17":{"type":"branch","line":96,"loc":{"start":{"line":96,"column":6},"end":{"line":96,"column":70}},"locations":[{"start":{"line":96,"column":6},"end":{"line":96,"column":70}}]},"18":{"type":"branch","line":96,"loc":{"start":{"line":96,"column":39},"end":{"line":96,"column":68}},"locations":[{"start":{"line":96,"column":39},"end":{"line":96,"column":68}}]},"19":{"type":"branch","line":97,"loc":{"start":{"line":97,"column":4},"end":{"line":99,"column":5}},"locations":[{"start":{"line":97,"column":4},"end":{"line":99,"column":5}}]},"20":{"type":"branch","line":82,"loc":{"start":{"line":82,"column":20},"end":{"line":89,"column":9}},"locations":[{"start":{"line":82,"column":20},"end":{"line":89,"column":9}}]},"21":{"type":"branch","line":84,"loc":{"start":{"line":84,"column":32},"end":{"line":84,"column":83}},"locations":[{"start":{"line":84,"column":32},"end":{"line":84,"column":83}}]},"22":{"type":"branch","line":84,"loc":{"start":{"line":84,"column":83},"end":{"line":86,"column":17}},"locations":[{"start":{"line":84,"column":83},"end":{"line":86,"column":17}}]},"23":{"type":"branch","line":102,"loc":{"start":{"line":102,"column":24},"end":{"line":105,"column":4}},"locations":[{"start":{"line":102,"column":24},"end":{"line":105,"column":4}}]},"24":{"type":"branch","line":108,"loc":{"start":{"line":108,"column":4},"end":{"line":108,"column":42}},"locations":[{"start":{"line":108,"column":4},"end":{"line":108,"column":42}}]},"25":{"type":"branch","line":109,"loc":{"start":{"line":109,"column":4},"end":{"line":109,"column":48}},"locations":[{"start":{"line":109,"column":4},"end":{"line":109,"column":48}}]},"26":{"type":"branch","line":110,"loc":{"start":{"line":110,"column":4},"end":{"line":110,"column":35}},"locations":[{"start":{"line":110,"column":4},"end":{"line":110,"column":35}}]},"27":{"type":"branch","line":117,"loc":{"start":{"line":117,"column":15},"end":{"line":117,"column":36}},"locations":[{"start":{"line":117,"column":15},"end":{"line":117,"column":36}}]}},"b":{"0":[14],"1":[12],"2":[1],"3":[12],"4":[12],"5":[10],"6":[3],"7":[9],"8":[7],"9":[1],"10":[6],"11":[0],"12":[6],"13":[6],"14":[0],"15":[3],"16":[0],"17":[1],"18":[0],"19":[9],"20":[6],"21":[0],"22":[0],"23":[1],"24":[8],"25":[4],"26":[8],"27":[2]},"fnMap":{"0":{"name":"useChatStream","decl":{"start":{"line":11,"column":7},"end":{"line":121,"column":1}},"loc":{"start":{"line":11,"column":7},"end":{"line":121,"column":1}},"line":11},"1":{"name":"addMessage","decl":{"start":{"line":23,"column":21},"end":{"line":26,"column":4}},"loc":{"start":{"line":23,"column":21},"end":{"line":26,"column":4}},"line":23},"2":{"name":"sendMessage","decl":{"start":{"line":28,"column":22},"end":{"line":100,"column":4}},"loc":{"start":{"line":28,"column":22},"end":{"line":100,"column":4}},"line":28},"3":{"name":"clearMessages","decl":{"start":{"line":102,"column":24},"end":{"line":105,"column":4}},"loc":{"start":{"line":102,"column":24},"end":{"line":105,"column":4}},"line":102},"4":{"name":"get messages","decl":{"start":{"line":108,"column":4},"end":{"line":108,"column":42}},"loc":{"start":{"line":108,"column":4},"end":{"line":108,"column":42}},"line":108},"5":{"name":"get isStreaming","decl":{"start":{"line":109,"column":4},"end":{"line":109,"column":48}},"loc":{"start":{"line":109,"column":4},"end":{"line":109,"column":48}},"line":109},"6":{"name":"get error","decl":{"start":{"line":110,"column":4},"end":{"line":110,"column":35}},"loc":{"start":{"line":110,"column":4},"end":{"line":110,"column":35}},"line":110},"7":{"name":"setError","decl":{"start":{"line":117,"column":15},"end":{"line":117,"column":36}},"loc":{"start":{"line":117,"column":15},"end":{"line":117,"column":36}},"line":117}},"f":{"0":14,"1":12,"2":12,"3":1,"4":8,"5":4,"6":8,"7":2}}
,"/Users/lei/workspace/gen-ai/ag-ui-solid/src/i18n/I18nContext.tsx": {"path":"/Users/lei/workspace/gen-ai/ag-ui-solid/src/i18n/I18nContext.tsx","all":false,"statementMap":{"0":{"start":{"line":1,"column":0},"end":{"line":1,"column":75}},"1":{"start":{"line":2,"column":0},"end":{"line":2,"column":45}},"2":{"start":{"line":3,"column":0},"end":{"line":3,"column":64}},"3":{"start":{"line":4,"column":0},"end":{"line":4,"column":41}},"4":{"start":{"line":5,"column":0},"end":{"line":5,"column":0}},"5":{"start":{"line":6,"column":0},"end":{"line":6,"column":28}},"6":{"start":{"line":7,"column":0},"end":{"line":7,"column":32}},"7":{"start":{"line":8,"column":0},"end":{"line":8,"column":47}},"8":{"start":{"line":9,"column":0},"end":{"line":9,"column":78}},"9":{"start":{"line":10,"column":0},"end":{"line":10,"column":1}},"10":{"start":{"line":11,"column":0},"end":{"line":11,"column":0}},"11":{"start":{"line":12,"column":0},"end":{"line":12,"column":54}},"12":{"start":{"line":13,"column":0},"end":{"line":13,"column":0}},"13":{"start":{"line":14,"column":0},"end":{"line":14,"column":36}},"14":{"start":{"line":15,"column":0},"end":{"line":15,"column":27}},"15":{"start":{"line":16,"column":0},"end":{"line":16,"column":49}},"16":{"start":{"line":17,"column":0},"end":{"line":17,"column":24}},"17":{"start":{"line":18,"column":0},"end":{"line":18,"column":1}},"18":{"start":{"line":19,"column":0},"end":{"line":19,"column":0}},"19":{"start":{"line":20,"column":0},"end":{"line":20,"column":30}},"20":{"start":{"line":21,"column":0},"end":{"line":21,"column":83}},"21":{"start":{"line":22,"column":0},"end":{"line":22,"column":30}},"22":{"start":{"line":23,"column":0},"end":{"line":23,"column":24}},"23":{"start":{"line":24,"column":0},"end":{"line":24,"column":0}},"24":{"start":{"line":25,"column":0},"end":{"line":25,"column":25}},"25":{"start":{"line":26,"column":0},"end":{"line":26,"column":59}},"26":{"start":{"line":27,"column":0},"end":{"line":27,"column":23}},"27":{"start":{"line":28,"column":0},"end":{"line":28,"column":12}},"28":{"start":{"line":29,"column":0},"end":{"line":29,"column":29}},"29":{"start":{"line":30,"column":0},"end":{"line":30,"column":5}},"30":{"start":{"line":31,"column":0},"end":{"line":31,"column":3}},"31":{"start":{"line":32,"column":0},"end":{"line":32,"column":0}},"32":{"start":{"line":33,"column":0},"end":{"line":33,"column":61}},"33":{"start":{"line":34,"column":0},"end":{"line":34,"column":1}},"34":{"start":{"line":35,"column":0},"end":{"line":35,"column":0}},"35":{"start":{"line":36,"column":0},"end":{"line":36,"column":76}},"36":{"start":{"line":37,"column":0},"end":{"line":37,"column":41}},"37":{"start":{"line":38,"column":0},"end":{"line":38,"column":52}},"38":{"start":{"line":39,"column":0},"end":{"line":39,"column":5}},"39":{"start":{"line":40,"column":0},"end":{"line":40,"column":0}},"40":{"start":{"line":41,"column":0},"end":{"line":41,"column":87}},"41":{"start":{"line":42,"column":0},"end":{"line":42,"column":66}},"42":{"start":{"line":43,"column":0},"end":{"line":43,"column":78}},"43":{"start":{"line":44,"column":0},"end":{"line":44,"column":48}},"44":{"start":{"line":45,"column":0},"end":{"line":45,"column":0}},"45":{"start":{"line":46,"column":0},"end":{"line":46,"column":37}},"46":{"start":{"line":47,"column":0},"end":{"line":47,"column":17}},"47":{"start":{"line":48,"column":0},"end":{"line":48,"column":66}},"48":{"start":{"line":49,"column":0},"end":{"line":49,"column":88}},"49":{"start":{"line":50,"column":0},"end":{"line":50,"column":9}},"50":{"start":{"line":51,"column":0},"end":{"line":51,"column":5}},"51":{"start":{"line":52,"column":0},"end":{"line":52,"column":0}},"52":{"start":{"line":53,"column":0},"end":{"line":53,"column":18}},"53":{"start":{"line":54,"column":0},"end":{"line":54,"column":4}},"54":{"start":{"line":55,"column":0},"end":{"line":55,"column":0}},"55":{"start":{"line":56,"column":0},"end":{"line":56,"column":50}},"56":{"start":{"line":57,"column":0},"end":{"line":57,"column":31}},"57":{"start":{"line":58,"column":0},"end":{"line":58,"column":4}},"58":{"start":{"line":59,"column":0},"end":{"line":59,"column":0}},"59":{"start":{"line":60,"column":0},"end":{"line":60,"column":35}},"60":{"start":{"line":61,"column":0},"end":{"line":61,"column":31}},"61":{"start":{"line":62,"column":0},"end":{"line":62,"column":14}},"62":{"start":{"line":63,"column":0},"end":{"line":63,"column":6}},"63":{"start":{"line":64,"column":0},"end":{"line":64,"column":4}},"64":{"start":{"line":65,"column":0},"end":{"line":65,"column":0}},"65":{"start":{"line":66,"column":0},"end":{"line":66,"column":10}},"66":{"start":{"line":67,"column":0},"end":{"line":67,"column":40}},"67":{"start":{"line":68,"column":0},"end":{"line":68,"column":22}},"68":{"start":{"line":69,"column":0},"end":{"line":69,"column":27}},"69":{"start":{"line":70,"column":0},"end":{"line":70,"column":4}},"70":{"start":{"line":71,"column":0},"end":{"line":71,"column":2}},"71":{"start":{"line":72,"column":0},"end":{"line":72,"column":0}},"72":{"start":{"line":73,"column":0},"end":{"line":73,"column":48}},"73":{"start":{"line":74,"column":0},"end":{"line":74,"column":42}},"74":{"start":{"line":75,"column":0},"end":{"line":75,"column":17}},"75":{"start":{"line":76,"column":0},"end":{"line":76,"column":67}},"76":{"start":{"line":77,"column":0},"end":{"line":77,"column":3}},"77":{"start":{"line":78,"column":0},"end":{"line":78,"column":17}},"78":{"start":{"line":79,"column":0},"end":{"line":79,"column":2}}},"s":{"0":1,"1":1,"2":1,"3":1,"4":1,"5":1,"6":1,"7":1,"8":1,"9":1,"10":1,"11":1,"12":1,"13":1,"14":1,"15":1,"16":1,"17":1,"18":1,"19":1,"20":313,"21":313,"22":313,"23":313,"24":313,"25":626,"26":626,"27":626,"28":0,"29":0,"30":626,"31":313,"32":313,"33":313,"34":1,"35":1,"36":56,"37":56,"38":56,"39":56,"40":56,"41":313,"42":313,"43":313,"44":313,"45":313,"46":313,"47":81,"48":0,"49":81,"50":81,"51":313,"52":313,"53":313,"54":56,"55":56,"56":0,"57":0,"58":56,"59":56,"60":56,"61":56,"62":56,"63":56,"64":56,"65":56,"66":56,"67":56,"68":56,"69":56,"70":1,"71":1,"72":1,"73":131,"74":131,"75":0,"76":0,"77":131,"78":131},"branchMap":{"0":{"type":"branch","line":21,"loc":{"start":{"line":21,"column":0},"end":{"line":34,"column":1}},"locations":[{"start":{"line":21,"column":0},"end":{"line":34,"column":1}}]},"1":{"type":"branch","line":25,"loc":{"start":{"line":25,"column":24},"end":{"line":31,"column":3}},"locations":[{"start":{"line":25,"column":24},"end":{"line":31,"column":3}}]},"2":{"type":"branch","line":28,"loc":{"start":{"line":28,"column":4},"end":{"line":30,"column":5}},"locations":[{"start":{"line":28,"column":4},"end":{"line":30,"column":5}}]},"3":{"type":"branch","line":33,"loc":{"start":{"line":33,"column":37},"end":{"line":33,"column":61}},"locations":[{"start":{"line":33,"column":37},"end":{"line":33,"column":61}}]},"4":{"type":"branch","line":36,"loc":{"start":{"line":36,"column":65},"end":{"line":71,"column":1}},"locations":[{"start":{"line":36,"column":65},"end":{"line":71,"column":1}}]},"5":{"type":"branch","line":38,"loc":{"start":{"line":38,"column":18},"end":{"line":38,"column":52}},"locations":[{"start":{"line":38,"column":18},"end":{"line":38,"column":52}}]},"6":{"type":"branch","line":41,"loc":{"start":{"line":41,"column":12},"end":{"line":54,"column":4}},"locations":[{"start":{"line":41,"column":12},"end":{"line":54,"column":4}}]},"7":{"type":"branch","line":43,"loc":{"start":{"line":43,"column":48},"end":{"line":43,"column":78}},"locations":[{"start":{"line":43,"column":48},"end":{"line":43,"column":78}}]},"8":{"type":"branch","line":47,"loc":{"start":{"line":47,"column":16},"end":{"line":51,"column":5}},"locations":[{"start":{"line":47,"column":16},"end":{"line":51,"column":5}}]},"9":{"type":"branch","line":67,"loc":{"start":{"line":67,"column":38},"end":{"line":68,"column":22}},"locations":[{"start":{"line":67,"column":38},"end":{"line":68,"column":22}}]},"10":{"type":"branch","line":73,"loc":{"start":{"line":73,"column":23},"end":{"line":79,"column":2}},"locations":[{"start":{"line":73,"column":23},"end":{"line":79,"column":2}}]},"11":{"type":"branch","line":75,"loc":{"start":{"line":75,"column":16},"end":{"line":77,"column":3}},"locations":[{"start":{"line":75,"column":16},"end":{"line":77,"column":3}}]}},"b":{"0":[313],"1":[626],"2":[0],"3":[0],"4":[56],"5":[0],"6":[313],"7":[0],"8":[81],"9":[56],"10":[131],"11":[0]},"fnMap":{"0":{"name":"translate","decl":{"start":{"line":21,"column":0},"end":{"line":34,"column":1}},"loc":{"start":{"line":21,"column":0},"end":{"line":34,"column":1}},"line":21},"1":{"name":"__vite_ssr_import_2__.$$component.location","decl":{"start":{"line":36,"column":65},"end":{"line":71,"column":1}},"loc":{"start":{"line":36,"column":65},"end":{"line":71,"column":1}},"line":36},"2":{"name":"t","decl":{"start":{"line":41,"column":12},"end":{"line":54,"column":4}},"loc":{"start":{"line":41,"column":12},"end":{"line":54,"column":4}},"line":41},"3":{"name":"setLocale","decl":{"start":{"line":56,"column":20},"end":{"line":58,"column":4}},"loc":{"start":{"line":56,"column":20},"end":{"line":58,"column":4}},"line":56},"4":{"name":"locale","decl":{"start":{"line":61,"column":12},"end":{"line":61,"column":31}},"loc":{"start":{"line":61,"column":12},"end":{"line":61,"column":31}},"line":61},"5":{"name":"get children","decl":{"start":{"line":67,"column":38},"end":{"line":68,"column":22}},"loc":{"start":{"line":67,"column":38},"end":{"line":68,"column":22}},"line":67},"6":{"name":"useI18n","decl":{"start":{"line":73,"column":23},"end":{"line":79,"column":2}},"loc":{"start":{"line":73,"column":23},"end":{"line":79,"column":2}},"line":73}},"f":{"0":313,"1":56,"2":313,"3":0,"4":0,"5":56,"6":131}}
,"/Users/lei/workspace/gen-ai/ag-ui-solid/src/i18n/index.ts": {"path":"/Users/lei/workspace/gen-ai/ag-ui-solid/src/i18n/index.ts","all":false,"statementMap":{"0":{"start":{"line":1,"column":0},"end":{"line":1,"column":54}},"1":{"start":{"line":2,"column":0},"end":{"line":2,"column":55}},"2":{"start":{"line":3,"column":0},"end":{"line":3,"column":99}},"3":{"start":{"line":4,"column":0},"end":{"line":4,"column":49}}},"s":{"0":1,"1":1,"2":1,"3":1},"branchMap":{},"b":{},"fnMap":{},"f":{}}
,"/Users/lei/workspace/gen-ai/ag-ui-solid/src/i18n/locales/en.ts": {"path":"/Users/lei/workspace/gen-ai/ag-ui-solid/src/i18n/locales/en.ts","all":false,"statementMap":{"0":{"start":{"line":1,"column":0},"end":{"line":1,"column":48}},"1":{"start":{"line":2,"column":0},"end":{"line":2,"column":0}},"2":{"start":{"line":3,"column":0},"end":{"line":3,"column":36}},"3":{"start":{"line":4,"column":0},"end":{"line":4,"column":13}},"4":{"start":{"line":5,"column":0},"end":{"line":5,"column":37}},"5":{"start":{"line":6,"column":0},"end":{"line":6,"column":17}},"6":{"start":{"line":7,"column":0},"end":{"line":7,"column":26}},"7":{"start":{"line":8,"column":0},"end":{"line":8,"column":4}},"8":{"start":{"line":9,"column":0},"end":{"line":9,"column":12}},"9":{"start":{"line":10,"column":0},"end":{"line":10,"column":17}},"10":{"start":{"line":11,"column":0},"end":{"line":11,"column":27}},"11":{"start":{"line":12,"column":0},"end":{"line":12,"column":21}},"12":{"start":{"line":13,"column":0},"end":{"line":13,"column":19}},"13":{"start":{"line":14,"column":0},"end":{"line":14,"column":4}},"14":{"start":{"line":15,"column":0},"end":{"line":15,"column":15}},"15":{"start":{"line":16,"column":0},"end":{"line":16,"column":23}},"16":{"start":{"line":17,"column":0},"end":{"line":17,"column":19}},"17":{"start":{"line":18,"column":0},"end":{"line":18,"column":23}},"18":{"start":{"line":19,"column":0},"end":{"line":19,"column":19}},"19":{"start":{"line":20,"column":0},"end":{"line":20,"column":21}},"20":{"start":{"line":21,"column":0},"end":{"line":21,"column":4}},"21":{"start":{"line":22,"column":0},"end":{"line":22,"column":9}},"22":{"start":{"line":23,"column":0},"end":{"line":23,"column":39}},"23":{"start":{"line":24,"column":0},"end":{"line":24,"column":19}},"24":{"start":{"line":25,"column":0},"end":{"line":25,"column":24}},"25":{"start":{"line":26,"column":0},"end":{"line":26,"column":57}},"26":{"start":{"line":27,"column":0},"end":{"line":27,"column":4}},"27":{"start":{"line":28,"column":0},"end":{"line":28,"column":2}}},"s":{"0":1,"1":1,"2":1,"3":1,"4":1,"5":1,"6":1,"7":1,"8":1,"9":1,"10":1,"11":1,"12":1,"13":1,"14":1,"15":1,"16":1,"17":1,"18":1,"19":1,"20":1,"21":1,"22":1,"23":1,"24":1,"25":1,"26":1,"27":1},"branchMap":{},"b":{},"fnMap":{},"f":{}}
,"/Users/lei/workspace/gen-ai/ag-ui-solid/src/i18n/locales/index.ts": {"path":"/Users/lei/workspace/gen-ai/ag-ui-solid/src/i18n/locales/index.ts","all":false,"statementMap":{"0":{"start":{"line":1,"column":0},"end":{"line":1,"column":48}},"1":{"start":{"line":2,"column":0},"end":{"line":2,"column":26}},"2":{"start":{"line":3,"column":0},"end":{"line":3,"column":26}},"3":{"start":{"line":4,"column":0},"end":{"line":4,"column":0}},"4":{"start":{"line":5,"column":0},"end":{"line":5,"column":62}},"5":{"start":{"line":6,"column":0},"end":{"line":6,"column":5}},"6":{"start":{"line":7,"column":0},"end":{"line":7,"column":5}},"7":{"start":{"line":8,"column":0},"end":{"line":8,"column":2}},"8":{"start":{"line":9,"column":0},"end":{"line":9,"column":0}},"9":{"start":{"line":10,"column":0},"end":{"line":10,"column":18}}},"s":{"0":1,"1":1,"2":1,"3":1,"4":1,"5":1,"6":1,"7":1,"8":1,"9":1},"branchMap":{},"b":{},"fnMap":{},"f":{}}
,"/Users/lei/workspace/gen-ai/ag-ui-solid/src/i18n/locales/zh.ts": {"path":"/Users/lei/workspace/gen-ai/ag-ui-solid/src/i18n/locales/zh.ts","all":false,"statementMap":{"0":{"start":{"line":1,"column":0},"end":{"line":1,"column":48}},"1":{"start":{"line":2,"column":0},"end":{"line":2,"column":0}},"2":{"start":{"line":3,"column":0},"end":{"line":3,"column":36}},"3":{"start":{"line":4,"column":0},"end":{"line":4,"column":13}},"4":{"start":{"line":5,"column":0},"end":{"line":5,"column":27}},"5":{"start":{"line":6,"column":0},"end":{"line":6,"column":15}},"6":{"start":{"line":7,"column":0},"end":{"line":7,"column":22}},"7":{"start":{"line":8,"column":0},"end":{"line":8,"column":4}},"8":{"start":{"line":9,"column":0},"end":{"line":9,"column":12}},"9":{"start":{"line":10,"column":0},"end":{"line":10,"column":15}},"10":{"start":{"line":11,"column":0},"end":{"line":11,"column":20}},"11":{"start":{"line":12,"column":0},"end":{"line":12,"column":17}},"12":{"start":{"line":13,"column":0},"end":{"line":13,"column":16}},"13":{"start":{"line":14,"column":0},"end":{"line":14,"column":4}},"14":{"start":{"line":15,"column":0},"end":{"line":15,"column":15}},"15":{"start":{"line":16,"column":0},"end":{"line":16,"column":18}},"16":{"start":{"line":17,"column":0},"end":{"line":17,"column":16}},"17":{"start":{"line":18,"column":0},"end":{"line":18,"column":19}},"18":{"start":{"line":19,"column":0},"end":{"line":19,"column":16}},"19":{"start":{"line":20,"column":0},"end":{"line":20,"column":17}},"20":{"start":{"line":21,"column":0},"end":{"line":21,"column":4}},"21":{"start":{"line":22,"column":0},"end":{"line":22,"column":9}},"22":{"start":{"line":23,"column":0},"end":{"line":23,"column":26}},"23":{"start":{"line":24,"column":0},"end":{"line":24,"column":16}},"24":{"start":{"line":25,"column":0},"end":{"line":25,"column":21}},"25":{"start":{"line":26,"column":0},"end":{"line":26,"column":30}},"26":{"start":{"line":27,"column":0},"end":{"line":27,"column":4}},"27":{"start":{"line":28,"column":0},"end":{"line":28,"column":2}}},"s":{"0":1,"1":1,"2":1,"3":1,"4":1,"5":1,"6":1,"7":1,"8":1,"9":1,"10":1,"11":1,"12":1,"13":1,"14":1,"15":1,"16":1,"17":1,"18":1,"19":1,"20":1,"21":1,"22":1,"23":1,"24":1,"25":1,"26":1,"27":1},"branchMap":{},"b":{},"fnMap":{},"f":{}}
}
